Machine model: MacBookPro15,2
SMC version: Unknown
EFI version: 2069.2.0
OS version: 24B91
Boot arguments: 
Boot time: Sun Nov 24 06:13:00 2024



*** Sampled system activity (Mon Dec  2 14:23:01 2024 +0100) (1040.15ms elapsed) ***

*** Running tasks ***

Name                               ID     CPU ms/s  User%  Deadlines (<2 ms, 2-5 ms)  Wakeups (Intr, Pkg idle)
DEAD_TASKS                         -1     1145.77   37.40  182.67  1.92               193.24  0.00              
mysqld                             90835  977.25    71.40  0.00    0.00               0.00    0.00              
Google Chrome Helper (Renderer)    21606  444.23    96.10  0.00    0.00               3.86    0.00              
MSTeams                            16698  345.01    76.31  2.90    584.81             768.16  0.00              
WindowServer                       164    229.13    62.54  3.86    0.00               69.48   0.00              
java                               13297  93.94     60.98  0.00    0.00               25.09   0.00              
WindowManager                      496    63.56     71.90  0.00    0.00               11.58   0.00              
launchd                            1      46.08     57.40  0.00    0.00               0.97    0.00              
kernel_task                        0      45.55     0.00   0.00    0.00               444.88  0.00              
Code Helper (Plugin)               13134  39.72     69.34  58.87   0.97               71.41   0.00              
bash                               90842  198.88    38.17  5.00    0.00               5.00    0.00              
Code Helper (Renderer)             13133  37.74     89.80  6.76    4.83               38.60   0.00              
coreaudiod                         187    32.30     85.38  0.00    0.00               187.21  0.00              
powermetrics                       90729  24.95     18.49  0.00    0.00               0.97    0.00              
Google Chrome Helper (Renderer)    33997  23.81     63.62  0.00    0.00               186.25  0.00              
bash                               90731  20.76     29.64  2.90    0.00               2.90    0.00              
Code Helper (GPU)                  13131  16.83     75.77  0.00    0.00               52.11   0.00              
logd                               94     13.01     38.46  0.00    0.00               1.93    0.00              
mdworker_shared                    90460  14.42     61.16  0.00    0.00               0.00    0.00              
Code Helper                        19359  9.32      54.60  29.92   0.00               36.67   0.00              
notifyd                            158    6.64      58.30  0.00    0.00               0.00    0.00              
opendirectoryd                     133    6.16      50.13  0.00    0.00               0.00    0.00              
Code Helper                        13136  5.93      55.02  25.09   0.00               26.06   0.00              
replayd                            516    4.88      58.30  0.00    0.00               0.00    0.00              
Microsoft Teams WebView Helper (   16852  4.15      90.35  0.97    0.00               8.69    0.00              
routined                           530    5.16      68.28  0.00    0.00               0.97    0.00              
TouchBarServer                     358    4.01      41.78  0.00    0.00               0.00    0.00              
VTEncoderXPCService                21808  3.88      44.91  0.00    0.00               0.00    0.00              
Microsoft Teams WebView Helper (   16840  3.36      68.97  0.00    0.00               25.09   0.00              
mds                                122    3.70      55.37  0.00    0.00               3.86    0.00              
beam.smp                           66542  2.64      81.47  0.00    0.97               2.90    0.00              
Google Chrome                      76998  2.49      79.21  0.00    0.00               0.97    0.00              
taskgated                          586    2.47      42.82  0.00    0.00               0.00    0.00              
bluetoothd                         98415  2.13      72.76  0.00    0.00               0.00    0.00              
mds_stores                         326    2.48      72.47  0.00    0.00               0.00    0.00              
Electron                           13111  1.43      73.90  1.93    0.00               2.90    0.00              
Google Chrome Helper (Renderer)    87750  1.06      81.50  0.00    0.00               3.86    0.00              
beam.smp                           18879  0.80      86.32  0.00    0.97               3.86    0.00              
Google Chrome Helper (Renderer)    92244  0.75      77.05  0.00    0.00               0.00    0.00              
fseventsd                          99     0.70      36.62  0.00    0.97               5.79    0.00              
java                               18364  0.63      44.61  0.00    0.00               26.06   0.00              
symptomsd                          226    0.76      79.59  0.00    0.00               0.00    0.00              
audioclocksyncd                    268    0.60      49.76  0.00    0.00               0.00    0.00              
nearbyd                            517    0.50      41.62  0.00    0.00               0.97    0.00              
Google Chrome Helper (Renderer)    63123  0.45      86.98  0.00    0.00               0.97    0.00              
contextstored                      206    0.38      60.93  0.00    0.00               0.00    0.00              
Google Chrome Helper (Renderer)    36705  0.36      82.87  0.00    0.00               1.93    0.00              
Google Chrome Helper (Renderer)    73899  0.25      84.87  0.00    0.00               2.90    0.00              
Google Chrome Helper (Renderer)    16739  0.20      87.21  0.00    0.00               2.90    0.00              
Finder                             7780   0.18      41.77  0.00    0.00               0.00    0.00              
mDNSResponder                      240    0.18      40.36  0.97    0.00               2.90    0.00              
gamecontrolleragentd               72070  0.16      39.46  0.00    0.00               0.97    0.00              
airportd                           180    0.20      55.12  0.00    0.00               0.97    0.00              
idleassetsd                        487    0.15      37.95  0.00    0.00               0.97    0.00              
syspolicyd                         250    0.15      54.24  0.00    0.00               0.00    0.00              
locationd                          141    0.15      33.46  0.00    0.00               1.93    0.00              
cfprefsd                           388    0.12      40.63  0.00    0.00               0.00    0.00              
Microsoft Teams WebView            16827  0.12      76.10  0.00    0.00               0.00    0.00              
cfprefsd                           165    0.10      40.59  0.00    0.00               0.00    0.00              
Google Chrome Helper (Renderer)    68700  0.09      82.13  0.00    0.00               0.97    0.00              
nsurlsessiond                      189    0.11      44.56  0.00    0.00               0.97    0.00              
trustd                             301    0.10      51.19  0.00    0.00               1.93    0.00              
callservicesd                      428    0.07      46.04  0.00    0.00               0.97    0.00              
com.microsoft.teams2.notificatio   16815  0.05      57.62  0.00    0.00               0.97    0.00              
audioanalyticsd                    7818   0.06      29.75  0.00    0.00               0.97    0.00              
UVCAssistant                       256    0.04      32.65  0.00    0.00               0.97    0.00              
configd                            106    0.05      58.24  0.00    0.00               0.00    0.00              
mDNSResponderHelper                253    0.04      48.93  0.00    0.00               0.97    0.00              
CloudTelemetryService              1018   0.04      41.19  0.00    0.00               0.97    0.00              
findmydeviced                      239    0.04      42.72  0.00    0.00               0.97    0.00              
iCloudNotificationAgent            529    0.03      42.67  0.00    0.00               0.97    0.00              
com.apple.audio.Core-Audio-Drive   249    0.02      28.44  0.00    0.00               0.97    0.00              
ALL_TASKS                          -2     3282.65   60.09  317.26  593.18             2229.48 0.00              


**** Battery and backlight usage ****

Battery: percent_charge: 1072
Backlight level: 449 (range 0-1024)
Keyboard Backlight level: 37 (off 0 on range 32-512)


**** Network activity ****

out: 63.45 packets/s, 30065.83 bytes/s
in:  35.57 packets/s, 15443.92 bytes/s


**** Disk activity ****

read: 0.00 ops/s 0.00 KBytes/s
write: 1.92 ops/s 7.88 KBytes/s

****  Interrupt distribution ****

CPU 0:
	Vector 0x46(SMC): 16.34 interrupts/sec
	Vector 0x54(URT0): 9.61 interrupts/sec
	Vector 0x79(ANS2): 1.92 interrupts/sec
	Vector 0x7c(ARPT): 92.29 interrupts/sec
	Vector 0x7e(IGPU): 94.22 interrupts/sec
	Vector 0x94(IOBC): 23.07 interrupts/sec
	Vector 0xdd(TMR): 846.03 interrupts/sec
	Vector 0xde(IPI): 1718.98 interrupts/sec
CPU 1:
	Vector 0xdd(TMR): 75.95 interrupts/sec
	Vector 0xde(IPI): 993.13 interrupts/sec
CPU 2:
	Vector 0xdd(TMR): 436.48 interrupts/sec
	Vector 0xde(IPI): 1855.50 interrupts/sec
CPU 3:
	Vector 0xdd(TMR): 35.57 interrupts/sec
	Vector 0xde(IPI): 726.82 interrupts/sec
CPU 4:
	Vector 0xdd(TMR): 399.94 interrupts/sec
	Vector 0xde(IPI): 1914.15 interrupts/sec
CPU 5:
	Vector 0xdd(TMR): 50.95 interrupts/sec
	Vector 0xde(IPI): 769.12 interrupts/sec
CPU 6:
	Vector 0xdd(TMR): 476.85 interrupts/sec
	Vector 0xde(IPI): 1527.66 interrupts/sec
CPU 7:
	Vector 0xdd(TMR): 73.07 interrupts/sec
	Vector 0xde(IPI): 747.97 interrupts/sec



**** Processor usage ****

Intel energy model derived package power (CPUs+GT+SA): 9.98W

LLC flushed residency: 0%

System Average frequency as fraction of nominal: 108.33% (2600.00 Mhz)
Package 0 C-state residency: 0.00% (C2: 0.00% C3: 0.00% C6: 0.00% C7: 0.00% C8: 0.00% C9: 0.00% C10: 0.00% )
CPU/GPU Overlap: 11.02%
Cores Active: 98.80%
GPU Active: 11.02%
Avg Num of Cores Active: 2.84

Core 0 C-state residency: 14.57% (C3: 0.08% C6: 0.00% C7: 14.49% )

CPU 0 duty cycles/s: active/idle [< 16 us: 392.25/419.17] [< 32 us: 120.17/65.38] [< 64 us: 138.44/275.92] [< 128 us: 111.52/199.97] [< 256 us: 108.64/127.87] [< 512 us: 112.48/88.45] [< 1024 us: 125.94/57.68] [< 2048 us: 68.26/25.96] [< 4096 us: 49.03/12.50] [< 8192 us: 39.42/0.96] [< 16384 us: 5.77/0.00] [< 32768 us: 0.96/0.00] 
CPU Average frequency as fraction of nominal: 108.33% (2600.01 Mhz)

CPU 1 duty cycles/s: active/idle [< 16 us: 2423.69/707.59] [< 32 us: 180.74/275.92] [< 64 us: 144.21/529.73] [< 128 us: 109.60/459.55] [< 256 us: 85.56/358.60] [< 512 us: 45.19/294.19] [< 1024 us: 22.11/186.51] [< 2048 us: 5.77/108.64] [< 4096 us: 2.88/66.34] [< 8192 us: 0.96/30.76] [< 16384 us: 0.00/1.92] [< 32768 us: 0.00/0.00] 
CPU Average frequency as fraction of nominal: 108.34% (2600.06 Mhz)

Core 1 C-state residency: 26.48% (C3: 0.64% C6: 0.00% C7: 25.84% )

CPU 2 duty cycles/s: active/idle [< 16 us: 588.38/431.67] [< 32 us: 124.02/64.41] [< 64 us: 155.75/352.83] [< 128 us: 148.06/260.54] [< 256 us: 155.75/143.25] [< 512 us: 152.86/151.90] [< 1024 us: 148.06/112.48] [< 2048 us: 79.80/74.03] [< 4096 us: 38.46/18.27] [< 8192 us: 14.42/0.00] [< 16384 us: 1.92/0.00] [< 32768 us: 0.96/0.00] 
CPU Average frequency as fraction of nominal: 108.33% (2599.99 Mhz)

CPU 3 duty cycles/s: active/idle [< 16 us: 3060.13/850.84] [< 32 us: 145.17/342.26] [< 64 us: 125.94/549.92] [< 128 us: 76.91/511.46] [< 256 us: 75.95/416.29] [< 512 us: 43.26/389.37] [< 1024 us: 21.15/273.04] [< 2048 us: 9.61/164.40] [< 4096 us: 1.92/59.61] [< 8192 us: 0.00/2.88] [< 16384 us: 0.00/0.00] [< 32768 us: 0.00/0.00] 
CPU Average frequency as fraction of nominal: 108.34% (2600.06 Mhz)

Core 2 C-state residency: 22.56% (C3: 0.66% C6: 0.00% C7: 21.89% )

CPU 4 duty cycles/s: active/idle [< 16 us: 526.85/417.25] [< 32 us: 136.52/65.38] [< 64 us: 149.02/316.30] [< 128 us: 149.98/224.97] [< 256 us: 147.09/182.67] [< 512 us: 113.45/133.63] [< 1024 us: 127.87/86.53] [< 2048 us: 79.80/58.65] [< 4096 us: 47.11/16.34] [< 8192 us: 18.27/0.00] [< 16384 us: 4.81/0.00] [< 32768 us: 0.00/0.00] 
CPU Average frequency as fraction of nominal: 108.33% (2600.01 Mhz)

CPU 5 duty cycles/s: active/idle [< 16 us: 2804.40/755.66] [< 32 us: 136.52/343.22] [< 64 us: 120.17/524.92] [< 128 us: 83.64/446.09] [< 256 us: 62.49/398.98] [< 512 us: 44.22/337.45] [< 1024 us: 35.57/258.62] [< 2048 us: 4.81/169.21] [< 4096 us: 4.81/56.72] [< 8192 us: 0.00/4.81] [< 16384 us: 0.00/0.00] [< 32768 us: 0.00/0.00] 
CPU Average frequency as fraction of nominal: 108.34% (2600.04 Mhz)

Core 3 C-state residency: 26.62% (C3: 0.87% C6: 0.00% C7: 25.75% )

CPU 6 duty cycles/s: active/idle [< 16 us: 637.41/416.29] [< 32 us: 127.87/117.29] [< 64 us: 162.48/332.64] [< 128 us: 130.75/204.78] [< 256 us: 139.40/189.40] [< 512 us: 107.68/125.94] [< 1024 us: 99.02/68.26] [< 2048 us: 68.26/52.88] [< 4096 us: 41.34/31.73] [< 8192 us: 21.15/2.88] [< 16384 us: 3.85/0.00] [< 32768 us: 1.92/0.00] 
CPU Average frequency as fraction of nominal: 108.33% (2599.97 Mhz)

CPU 7 duty cycles/s: active/idle [< 16 us: 806.61/174.01] [< 32 us: 101.91/101.91] [< 64 us: 89.41/153.82] [< 128 us: 71.14/156.71] [< 256 us: 65.38/134.60] [< 512 us: 44.22/155.75] [< 1024 us: 50.95/145.17] [< 2048 us: 8.65/91.33] [< 4096 us: 2.88/74.99] [< 8192 us: 0.00/45.19] [< 16384 us: 0.00/7.69] [< 32768 us: 0.00/0.00] 
CPU Average frequency as fraction of nominal: 108.33% (2600.03 Mhz)


**** Thermal pressure ****

Current pressure level: Nominal


**** Selective Forced Idle ****

Selective Forced Idle window:     50000us

**** GPU usage ****

GPU 0 name IntelIG
GPU 0 C-state residency: 89.45% (0.85%, 88.60%)
GPU 0 P-state residency: 1150MHz: 0.00%, 1100MHz: 0.00%, 1050MHz: 0.00%, 1000MHz: 0.00%, 950MHz: 0.00%, 900MHz: 0.00%, 850MHz: 0.00%, 800MHz: 0.00%, 750MHz: 0.00%, 700MHz: 0.00%, 650MHz: 0.00%, 600MHz: 0.00%, 550MHz: 0.00%, 500MHz: 10.55%, 450MHz: 0.00%, 400MHz: 0.00%, 350MHz: 0.00%, 300MHz: 0.00%
GPU 0 average active frequency as fraction of nominal (300.00Mhz): 166.67% (500.00Mhz)
GPU 0 HW average active frequency   : 0.00%
GPU 0 GPU Busy                      : 10.55%
GPU 0 DC6 Residency                 : 0.00%
GPU 0 [PSR] GPU + TCON are Off      : 0.00%
GPU 0 [PSR] Only GPU is On          : 0.00%
GPU 0 [PSR] Only TCON is On         : 76.78%
GPU 0 [PSR] GPU + TCON are On       : 23.22%
GPU 0 [PSR] StateMachine Bypass     : 0.00%
GPU 0 [PSR] StateMachine FIFO       : 23.25%
GPU 0 [PSR] StateMachine Others     : 76.75%
GPU 0 DPB Strong On                 : 0.00%
GPU 0 DPB Weak On                   : 0.00%
GPU 0 1Slice      on            : 100.00%
GPU 0 2Slices     on            : 0.00%
GPU 0 PPFM on                       : 0.00%
GPU 0 Throttle High Priority(%): 0
GPU 0 Throttle NormalHi Priority(%): 0
GPU 0 Throttle Normal Priority(%): 0
GPU 0 Throttle Low Priority(%): 0
GPU 0 Slice switch                  : 0 (0.00/second)
GPU 0 DC6 Exit Reason - Flip: 0 (0.00/second)
GPU 0 DC6 Exit Reason - Register: 1 (0.97/second)
GPU 0 DC6 Exit Reason - Gamma: 0 (0.00/second)
GPU 0 DC6 Exit Reason - Interrupt: 1 (0.97/second)
GPU 0 DC6 Exit Reason - Cursor: 0 (0.00/second)
GPU 0 DC6 Exit Reason - Render: 0 (0.00/second)
GPU 0 [INT] VBLANK_A           : 4 (3.89/second)
GPU 0 [INT] VBLANK_B           : 0 (0.00/second)
GPU 0 [INT] VBLANK_C           : 0 (0.00/second)
GPU 0 [INT] PRIMARY_FLIP_A     : 4 (3.89/second)
GPU 0 [INT] PRIMARY_FLIP_B     : 0 (0.00/second)
GPU 0 [INT] PRIMARY_FLIP_C     : 0 (0.00/second)
GPU 0 [INT] SPRITE_FLIP_A      : 0 (0.00/second)
GPU 0 [INT] SPRITE_FLIP_B      : 0 (0.00/second)
GPU 0 [INT] SPRITE_FLIP_C      : 0 (0.00/second)
GPU 0 [INT] VIDEO_USER_1       : 0 (0.00/second)
GPU 0 [INT] VIDEO_USER_2       : 0 (0.00/second)
GPU 0 [INT] VEBOX_USER         : 0 (0.00/second)
GPU 0 [INT] RENDOR_USER        : 0 (0.00/second)
GPU 0 [INT] BLITTER_USER       : 0 (0.00/second)
GPU 0 [INT] GPU_PARSER         : 0 (0.00/second)
GPU 0 [INT] HOTPLUG_DP_A       : 0 (0.00/second)
GPU 0 [INT] HOTPLUG_DP_B       : 0 (0.00/second)
GPU 0 [INT] HOTPLUG_DP_C       : 0 (0.00/second)
GPU 0 [INT] HOTPLUG_DP_D       : 0 (0.00/second)
GPU 0 [INT] SHORTPULSE_DP_A    : 0 (0.00/second)
GPU 0 [INT] SHORTPULSE_DP_B    : 0 (0.00/second)
GPU 0 [INT] SHORTPULSE_DP_C    : 0 (0.00/second)
GPU 0 [INT] SHORTPULSE_DP_D    : 0 (0.00/second)
GPU 0 [INT] UP_THRESHOLD       : 0 (0.00/second)
GPU 0 [INT] DOWN_THRESHOLD     : 0 (0.00/second)
GPU 0 [INT] SRD_INTERRUPT      : 3 (2.92/second)
GPU 0 [INT] PSR_EXIT_TRIGGER   : 0 (0.00/second)
GPU 0 [INT] BCS_CONTEXT_SWITCH : 0 (0.00/second)
GPU 0 [INT] CS_CONTEXT_SWITCH  : 0 (0.00/second)
GPU 0 [INT] VCS1_CONTEXT_SWITCH: 0 (0.00/second)
GPU 0 [INT] VCS2_CONTEXT_SWITCH: 0 (0.00/second)
GPU 0 [INT] VECS_CONTEXT_SWITCH: 0 (0.00/second)
GPU 0 [INT] PIPEA_UNDERRUN     : 0 (0.00/second)
GPU 0 [INT] PIPEB_UNDERRUN     : 0 (0.00/second)
GPU 0 [INT] PIPEC_UNDERRUN     : 0 (0.00/second)
GPU 0 [INT] RCS_ERROR          : 0 (0.00/second)
GPU 0 [INT] BCS_ERROR          : 0 (0.00/second)
GPU 0 [INT] VCS1_ERROR         : 0 (0.00/second)
GPU 0 [INT] VCS2_ERROR         : 0 (0.00/second)
GPU 0 [INT] VECS_ERROR         : 0 (0.00/second)
GPU 0 [INT] RCS_FLUSH_NOTIFY   : 57 (55.50/second)
GPU 0 [INT] BCS_FLUSH_NOTIFY   : 24 (23.37/second)
GPU 0 [INT] VCS1_FLUSH_NOTIFY  : 4 (3.90/second)
GPU 0 [INT] VCS2_FLUSH_NOTIFY  : 0 (0.00/second)
GPU 0 [INT] VECS_FLUSH_NOTIFY  : 0 (0.00/second)
GPU 0 [INT] GUC_TO_HOST_INT    : 0 (0.00/second)
GPU 0 [INT] SW_INT_6           : 6 (5.84/second)
GPU 0 FB Test Case 0

**** AGPM Stats ****

Accelerator Type: IntelAccelerator
Plimit: 0.00 (GPU Frequency headroom limited on average by 0 MHz)



**** SMC sensors ****

CPU Thermal level: 0
IO Thermal level: 0
Fan: 1240.85 rpm
CPU die temperature: 63.96 C
CPU Plimit: 0.00
GPU Plimit (Int): 0.00 
Number of prochots: 0

**** NVMe Power-state Residency ****
          (null):        0.000 s (  0.0%)
          (null):        0.000 s (  0.0%)
          (null):        1.023 s (100.0%)

**** I/O Throttling ****
Tier0 Throttle Time:        0.000 s (  0.0%)
Tier1 Throttle Time:        0.000 s (  0.0%)
Tier2 Throttle Time:        0.000 s (  0.0%)
Tier3 Throttle Time:        0.000 s (  0.0%)


*** Sampled system activity (Mon Dec  2 14:23:02 2024 +0100) (1024.59ms elapsed) ***

*** Running tasks ***

Name                               ID     CPU ms/s  User%  Deadlines (<2 ms, 2-5 ms)  Wakeups (Intr, Pkg idle)
mysqld                             90946  990.47    70.24  0.00    0.00               0.00    0.00              
DEAD_TASKS                         -1     543.21    35.17  0.98    0.00               0.98    0.00              
MSTeams                            16698  305.10    76.94  0.00    591.82             738.31  0.00              
WindowServer                       164    170.84    66.83  0.00    1.95               66.41   0.00              
WindowManager                      496    67.40     73.39  0.00    0.00               60.55   0.00              
launchd                            1      30.32     56.58  0.00    0.00               0.00    0.00              
coreaudiod                         187    30.24     85.46  0.00    0.00               187.51  0.00              
kernel_task                        0      26.93     0.00   0.00    0.00               362.32  0.00              
Google Chrome Helper (Renderer)    33997  21.58     62.99  0.00    0.00               187.51  0.00              
powermetrics                       90729  21.23     18.00  0.00    0.00               0.98    0.00              
bash                               90842  18.56     31.40  0.00    0.00               0.00    0.00              
Code Helper (Renderer)             13133  11.39     90.48  1.95    0.98               24.41   0.00              
Google Chrome                      76998  9.46      83.48  0.00    0.00               9.77    0.00              
logd                               94     9.40      42.30  0.00    0.00               0.00    0.00              
Code Helper (GPU)                  13131  6.47      74.57  0.00    0.00               46.88   0.00              
Code Helper (Plugin)               13134  5.66      38.38  23.44   0.00               35.16   0.00              
Microsoft Teams WebView Helper (   16852  4.94      91.07  0.00    0.00               5.86    0.00              
TouchBarServer                     358    4.41      41.26  0.00    0.00               0.00    0.00              
Microsoft Teams WebView Helper (   16840  4.20      73.35  0.00    0.00               24.41   0.00              
VTEncoderXPCService                21808  3.78      43.79  0.00    0.00               0.00    0.00              
airportd                           180    4.19      60.04  0.00    0.00               0.00    0.00              
beam.smp                           66542  3.24      79.48  1.95    0.00               3.91    0.00              
beam.smp                           18879  3.13      87.55  5.86    0.00               10.74   0.00              
bluetoothd                         98415  2.20      73.19  0.00    0.00               0.98    0.00              
mds                                122    2.19      48.00  0.00    0.00               8.79    0.00              
Code Helper                        19359  2.11      33.14  9.77    0.00               14.65   0.00              
taskgated                          586    1.93      41.87  0.00    0.00               0.00    0.00              
notifyd                            158    1.89      55.13  0.00    0.00               0.00    0.00              
fseventsd                          99     1.63      53.18  0.98    0.00               12.70   0.00              
mds_stores                         326    1.72      45.43  0.00    0.00               0.00    0.00              
opendirectoryd                     133    1.04      53.63  0.00    0.00               0.00    0.00              
Electron                           13111  1.15      68.00  0.00    0.00               1.95    0.00              
Google Chrome Helper (Renderer)    92244  0.80      75.40  0.00    0.00               0.00    0.00              
replayd                            516    0.71      58.64  0.00    0.00               0.98    0.00              
audioclocksyncd                    268    0.68      49.91  0.00    0.00               0.00    0.00              
java                               13297  0.57      51.23  0.00    0.00               25.39   0.00              
java                               18364  0.51      45.10  0.00    0.00               24.41   0.00              
symptomsd                          226    0.63      70.04  0.00    0.00               0.00    0.00              
Google Chrome Helper (Renderer)    79458  0.49      86.25  0.00    0.00               0.98    0.00              
Google Chrome Helper (Renderer)    87750  0.47      78.85  0.00    0.00               0.98    0.00              
securityd                          139    0.38      44.89  0.00    0.00               0.00    0.00              
Google Chrome Helper (Renderer)    21606  0.34      88.22  0.00    0.00               3.91    0.00              
Finder                             7780   0.32      49.37  0.00    0.00               0.00    0.00              
Google Chrome Helper (Renderer)    73899  0.32      87.04  0.00    0.00               3.91    0.00              
Google Chrome Helper (Renderer)    16739  0.31      80.66  0.00    0.00               5.86    0.00              
locationd                          141    0.35      60.70  0.00    0.00               0.98    0.00              
rapportd                           432    0.16      29.76  0.00    0.00               0.98    0.00              
Microsoft Teams WebView            16827  0.12      73.16  0.00    0.00               0.00    0.00              
gamecontrollerd                    72069  0.12      43.24  0.00    0.00               0.98    0.00              
nearbyd                            517    0.10      39.36  0.00    0.00               0.98    0.00              
itunescloudd                       482    0.11      42.05  0.00    0.00               1.95    0.00              
Google Chrome Helper               77017  0.08      82.26  0.00    0.00               0.98    0.00              
4kvideodownloaderplus              34151  0.08      64.07  0.00    0.00               0.98    0.00              
configd                            106    0.07      25.03  0.00    0.00               0.98    0.00              
networkserviceproxy                480    0.07      35.44  0.00    0.00               0.98    0.00              
sharingd                           522    0.05      67.15  0.00    0.00               0.00    0.00              
photoanalysisd                     733    0.04      39.91  0.00    0.00               0.98    0.00              
remoted                            113    0.04      37.46  0.00    0.00               0.98    0.00              
UVCAssistant                       256    0.04      31.22  0.00    0.00               0.98    0.00              
mDNSResponderHelper                253    0.04      34.53  0.00    0.00               0.98    0.00              
wifip2pd                           287    0.03      39.92  0.00    0.00               0.00    0.00              
com.apple.audio.Core-Audio-Drive   249    0.01      30.06  0.00    0.00               0.98    0.00              
ALL_TASKS                          -2     2005.63   59.42  44.90   594.38             1884.65 0.00              


**** Battery and backlight usage ****

Battery: percent_charge: 1072
Backlight level: 449 (range 0-1024)
Keyboard Backlight level: 37 (off 0 on range 32-512)


**** Network activity ****

out: 22.45 packets/s, 7751.38 bytes/s
in:  10.74 packets/s, 1032.61 bytes/s


**** Disk activity ****

read: 0.00 ops/s 0.00 KBytes/s
write: 141.52 ops/s 699.60 KBytes/s

****  Interrupt distribution ****

CPU 0:
	Vector 0x46(SMC): 7.81 interrupts/sec
	Vector 0x54(URT0): 8.78 interrupts/sec
	Vector 0x79(ANS2): 67.34 interrupts/sec
	Vector 0x7c(ARPT): 34.16 interrupts/sec
	Vector 0x7e(IGPU): 49.78 interrupts/sec
	Vector 0x94(IOBC): 27.33 interrupts/sec
	Vector 0xdd(TMR): 1308.81 interrupts/sec
	Vector 0xde(IPI): 791.53 interrupts/sec
CPU 1:
	Vector 0xdd(TMR): 16.59 interrupts/sec
	Vector 0xde(IPI): 383.57 interrupts/sec
CPU 2:
	Vector 0xdd(TMR): 172.75 interrupts/sec
	Vector 0xde(IPI): 737.85 interrupts/sec
CPU 3:
	Vector 0xdd(TMR): 5.86 interrupts/sec
	Vector 0xde(IPI): 307.44 interrupts/sec
CPU 4:
	Vector 0xdd(TMR): 160.06 interrupts/sec
	Vector 0xde(IPI): 669.53 interrupts/sec
CPU 5:
	Vector 0xdd(TMR): 13.66 interrupts/sec
	Vector 0xde(IPI): 272.30 interrupts/sec
CPU 6:
	Vector 0xdd(TMR): 140.54 interrupts/sec
	Vector 0xde(IPI): 610.00 interrupts/sec
CPU 7:
	Vector 0xdd(TMR): 9.76 interrupts/sec
	Vector 0xde(IPI): 300.61 interrupts/sec



**** Processor usage ****

Intel energy model derived package power (CPUs+GT+SA): 7.23W

LLC flushed residency: 0%

System Average frequency as fraction of nominal: 108.33% (2599.99 Mhz)
Package 0 C-state residency: 0.00% (C2: 0.00% C3: 0.00% C6: 0.00% C7: 0.00% C8: 0.00% C9: 0.00% C10: 0.00% )
CPU/GPU Overlap: 5.01%
Cores Active: 100.01%
GPU Active: 5.01%
Avg Num of Cores Active: 1.94

Core 0 C-state residency: 27.59% (C3: 0.20% C6: 0.00% C7: 27.39% )

CPU 0 duty cycles/s: active/idle [< 16 us: 610.97/367.95] [< 32 us: 122.00/67.34] [< 64 us: 239.12/406.02] [< 128 us: 124.93/272.30] [< 256 us: 113.22/168.85] [< 512 us: 126.88/101.50] [< 1024 us: 93.70/87.84] [< 2048 us: 60.51/87.84] [< 4096 us: 50.75/19.52] [< 8192 us: 31.23/0.00] [< 16384 us: 5.86/0.00] [< 32768 us: 0.00/0.00] 
CPU Average frequency as fraction of nominal: 108.33% (2600.01 Mhz)

CPU 1 duty cycles/s: active/idle [< 16 us: 2165.74/491.90] [< 32 us: 106.38/163.97] [< 64 us: 78.08/459.70] [< 128 us: 59.54/449.94] [< 256 us: 26.35/268.40] [< 512 us: 14.64/223.50] [< 1024 us: 2.93/143.47] [< 2048 us: 2.93/149.33] [< 4096 us: 2.93/74.18] [< 8192 us: 1.95/35.14] [< 16384 us: 0.00/1.95] [< 32768 us: 0.00/0.00] 
CPU Average frequency as fraction of nominal: 108.34% (2600.15 Mhz)

Core 1 C-state residency: 48.50% (C3: 0.82% C6: 0.00% C7: 47.68% )

CPU 2 duty cycles/s: active/idle [< 16 us: 781.77/299.63] [< 32 us: 153.23/54.66] [< 64 us: 221.55/410.90] [< 128 us: 172.75/376.74] [< 256 us: 201.06/254.74] [< 512 us: 143.47/153.23] [< 1024 us: 118.10/129.81] [< 2048 us: 65.39/163.97] [< 4096 us: 24.40/42.94] [< 8192 us: 5.86/0.98] [< 16384 us: 0.00/0.00] [< 32768 us: 0.00/0.00] 
CPU Average frequency as fraction of nominal: 108.33% (2599.92 Mhz)

CPU 3 duty cycles/s: active/idle [< 16 us: 2313.12/488.00] [< 32 us: 99.55/203.98] [< 64 us: 61.49/362.10] [< 128 us: 35.14/337.70] [< 256 us: 34.16/338.67] [< 512 us: 13.66/284.02] [< 1024 us: 3.90/237.17] [< 2048 us: 0.98/218.62] [< 4096 us: 0.00/81.01] [< 8192 us: 0.00/10.74] [< 16384 us: 0.00/0.00] [< 32768 us: 0.00/0.00] 
CPU Average frequency as fraction of nominal: 108.34% (2600.06 Mhz)

Core 2 C-state residency: 48.12% (C3: 1.95% C6: 0.00% C7: 46.18% )

CPU 4 duty cycles/s: active/idle [< 16 us: 800.32/301.58] [< 32 us: 160.06/40.99] [< 64 us: 189.34/381.62] [< 128 us: 166.90/323.06] [< 256 us: 169.82/256.69] [< 512 us: 95.65/170.80] [< 1024 us: 110.29/108.34] [< 2048 us: 56.61/161.04] [< 4096 us: 34.16/47.82] [< 8192 us: 8.78/0.98] [< 16384 us: 0.98/0.00] [< 32768 us: 0.00/0.00] 
CPU Average frequency as fraction of nominal: 108.33% (2600.02 Mhz)

CPU 5 duty cycles/s: active/idle [< 16 us: 2163.79/388.45] [< 32 us: 78.08/204.96] [< 64 us: 62.46/363.07] [< 128 us: 39.04/329.89] [< 256 us: 20.50/311.34] [< 512 us: 12.69/269.38] [< 1024 us: 4.88/221.55] [< 2048 us: 3.90/196.18] [< 4096 us: 1.95/92.72] [< 8192 us: 0.00/9.76] [< 16384 us: 0.00/0.00] [< 32768 us: 0.00/0.00] 
CPU Average frequency as fraction of nominal: 108.34% (2600.16 Mhz)

Core 3 C-state residency: 52.47% (C3: 3.95% C6: 0.00% C7: 48.51% )

CPU 6 duty cycles/s: active/idle [< 16 us: 874.49/256.69] [< 32 us: 117.12/36.11] [< 64 us: 153.23/346.48] [< 128 us: 131.76/224.48] [< 256 us: 141.52/302.56] [< 512 us: 79.06/186.42] [< 1024 us: 77.10/116.14] [< 2048 us: 42.94/122.98] [< 4096 us: 34.16/65.39] [< 8192 us: 11.71/6.83] [< 16384 us: 0.98/0.00] [< 32768 us: 0.00/0.00] 
CPU Average frequency as fraction of nominal: 108.33% (2599.94 Mhz)

CPU 7 duty cycles/s: active/idle [< 16 us: 543.63/83.94] [< 32 us: 68.32/40.99] [< 64 us: 58.56/108.34] [< 128 us: 27.33/92.72] [< 256 us: 29.28/66.37] [< 512 us: 11.71/66.37] [< 1024 us: 7.81/79.06] [< 2048 us: 8.78/78.08] [< 4096 us: 0.00/66.37] [< 8192 us: 0.00/51.73] [< 16384 us: 0.00/20.50] [< 32768 us: 0.00/0.98] 
CPU Average frequency as fraction of nominal: 108.34% (2600.08 Mhz)


**** Thermal pressure ****

Current pressure level: Nominal


**** Selective Forced Idle ****

Selective Forced Idle window:     50000us

**** GPU usage ****

GPU 0 name IntelIG
GPU 0 C-state residency: 95.37% (0.46%, 94.91%)
GPU 0 P-state residency: 1150MHz: 0.00%, 1100MHz: 0.00%, 1050MHz: 0.00%, 1000MHz: 0.00%, 950MHz: 0.00%, 900MHz: 0.00%, 850MHz: 0.00%, 800MHz: 0.00%, 750MHz: 0.00%, 700MHz: 0.00%, 650MHz: 0.00%, 600MHz: 0.00%, 550MHz: 0.00%, 500MHz: 4.63%, 450MHz: 0.00%, 400MHz: 0.00%, 350MHz: 0.00%, 300MHz: 0.00%
GPU 0 average active frequency as fraction of nominal (300.00Mhz): 166.67% (500.00Mhz)
GPU 0 HW average active frequency   : 0.00%
GPU 0 GPU Busy                      : 4.63%
GPU 0 DC6 Residency                 : 0.00%
GPU 0 [PSR] GPU + TCON are Off      : 0.00%
GPU 0 [PSR] Only GPU is On          : 0.00%
GPU 0 [PSR] Only TCON is On         : 93.23%
GPU 0 [PSR] GPU + TCON are On       : 6.77%
GPU 0 [PSR] StateMachine Bypass     : 0.00%
GPU 0 [PSR] StateMachine FIFO       : 11.88%
GPU 0 [PSR] StateMachine Others     : 88.12%
GPU 0 DPB Strong On                 : 0.00%
GPU 0 DPB Weak On                   : 0.00%
GPU 0 1Slice      on            : 100.00%
GPU 0 2Slices     on            : 0.00%
GPU 0 PPFM on                       : 0.00%
GPU 0 Throttle High Priority(%): 0
GPU 0 Throttle NormalHi Priority(%): 0
GPU 0 Throttle Normal Priority(%): 0
GPU 0 Throttle Low Priority(%): 0
GPU 0 Slice switch                  : 0 (0.00/second)
GPU 0 DC6 Exit Reason - Flip: 0 (0.00/second)
GPU 0 DC6 Exit Reason - Register: 1 (0.98/second)
GPU 0 DC6 Exit Reason - Gamma: 0 (0.00/second)
GPU 0 DC6 Exit Reason - Interrupt: 1 (0.98/second)
GPU 0 DC6 Exit Reason - Cursor: 0 (0.00/second)
GPU 0 DC6 Exit Reason - Render: 0 (0.00/second)
GPU 0 [INT] VBLANK_A           : 1 (0.98/second)
GPU 0 [INT] VBLANK_B           : 0 (0.00/second)
GPU 0 [INT] VBLANK_C           : 0 (0.00/second)
GPU 0 [INT] PRIMARY_FLIP_A     : 1 (0.98/second)
GPU 0 [INT] PRIMARY_FLIP_B     : 0 (0.00/second)
GPU 0 [INT] PRIMARY_FLIP_C     : 0 (0.00/second)
GPU 0 [INT] SPRITE_FLIP_A      : 0 (0.00/second)
GPU 0 [INT] SPRITE_FLIP_B      : 0 (0.00/second)
GPU 0 [INT] SPRITE_FLIP_C      : 0 (0.00/second)
GPU 0 [INT] VIDEO_USER_1       : 0 (0.00/second)
GPU 0 [INT] VIDEO_USER_2       : 0 (0.00/second)
GPU 0 [INT] VEBOX_USER         : 0 (0.00/second)
GPU 0 [INT] RENDOR_USER        : 0 (0.00/second)
GPU 0 [INT] BLITTER_USER       : 0 (0.00/second)
GPU 0 [INT] GPU_PARSER         : 0 (0.00/second)
GPU 0 [INT] HOTPLUG_DP_A       : 0 (0.00/second)
GPU 0 [INT] HOTPLUG_DP_B       : 0 (0.00/second)
GPU 0 [INT] HOTPLUG_DP_C       : 0 (0.00/second)
GPU 0 [INT] HOTPLUG_DP_D       : 0 (0.00/second)
GPU 0 [INT] SHORTPULSE_DP_A    : 0 (0.00/second)
GPU 0 [INT] SHORTPULSE_DP_B    : 0 (0.00/second)
GPU 0 [INT] SHORTPULSE_DP_C    : 0 (0.00/second)
GPU 0 [INT] SHORTPULSE_DP_D    : 0 (0.00/second)
GPU 0 [INT] UP_THRESHOLD       : 0 (0.00/second)
GPU 0 [INT] DOWN_THRESHOLD     : 0 (0.00/second)
GPU 0 [INT] SRD_INTERRUPT      : 1 (0.98/second)
GPU 0 [INT] PSR_EXIT_TRIGGER   : 0 (0.00/second)
GPU 0 [INT] BCS_CONTEXT_SWITCH : 0 (0.00/second)
GPU 0 [INT] CS_CONTEXT_SWITCH  : 0 (0.00/second)
GPU 0 [INT] VCS1_CONTEXT_SWITCH: 0 (0.00/second)
GPU 0 [INT] VCS2_CONTEXT_SWITCH: 0 (0.00/second)
GPU 0 [INT] VECS_CONTEXT_SWITCH: 0 (0.00/second)
GPU 0 [INT] PIPEA_UNDERRUN     : 0 (0.00/second)
GPU 0 [INT] PIPEB_UNDERRUN     : 0 (0.00/second)
GPU 0 [INT] PIPEC_UNDERRUN     : 0 (0.00/second)
GPU 0 [INT] RCS_ERROR          : 0 (0.00/second)
GPU 0 [INT] BCS_ERROR          : 0 (0.00/second)
GPU 0 [INT] VCS1_ERROR         : 0 (0.00/second)
GPU 0 [INT] VCS2_ERROR         : 0 (0.00/second)
GPU 0 [INT] VECS_ERROR         : 0 (0.00/second)
GPU 0 [INT] RCS_FLUSH_NOTIFY   : 28 (27.32/second)
GPU 0 [INT] BCS_FLUSH_NOTIFY   : 12 (11.71/second)
GPU 0 [INT] VCS1_FLUSH_NOTIFY  : 4 (3.90/second)
GPU 0 [INT] VCS2_FLUSH_NOTIFY  : 0 (0.00/second)
GPU 0 [INT] VECS_FLUSH_NOTIFY  : 0 (0.00/second)
GPU 0 [INT] GUC_TO_HOST_INT    : 0 (0.00/second)
GPU 0 [INT] SW_INT_6           : 5 (4.88/second)
GPU 0 FB Test Case 0

**** AGPM Stats ****

Accelerator Type: IntelAccelerator
Plimit: 0.00 (GPU Frequency headroom limited on average by 0 MHz)



**** SMC sensors ****

CPU Thermal level: 0
IO Thermal level: 0
Fan: 1255.84 rpm
CPU die temperature: 63.95 C
CPU Plimit: 0.00
GPU Plimit (Int): 0.00 
Number of prochots: 0

**** NVMe Power-state Residency ****
          (null):        0.000 s (  0.0%)
          (null):        0.000 s (  0.0%)
          (null):        1.025 s (100.0%)

**** I/O Throttling ****
Tier0 Throttle Time:        0.000 s (  0.0%)
Tier1 Throttle Time:        0.000 s (  0.0%)
Tier2 Throttle Time:        0.000 s (  0.0%)
Tier3 Throttle Time:        0.000 s (  0.0%)


*** Sampled system activity (Mon Dec  2 14:23:03 2024 +0100) (1024.33ms elapsed) ***

*** Running tasks ***

Name                               ID     CPU ms/s  User%  Deadlines (<2 ms, 2-5 ms)  Wakeups (Intr, Pkg idle)
MSTeams                            16698  425.71    74.15  0.00    584.36             741.42  236.08            
DEAD_TASKS                         -1     447.02    46.65  561.34  7.81               575.01  2.93              
WindowServer                       164    228.01    67.92  5.85    0.98               72.19   33.17             
WindowManager                      496    90.10     71.80  0.00    0.00               51.70   26.34             
coreaudiod                         187    38.81     82.20  0.00    0.00               187.31  62.44             
launchd                            1      42.61     55.63  0.00    0.00               0.00    0.00              
Google Chrome Helper (Renderer)    33997  30.33     60.62  0.00    0.00               188.28  59.51             
kernel_task                        0      25.40     0.00   0.00    0.00               344.37  64.39             
powermetrics                       90729  21.03     17.77  0.00    0.00               0.98    0.00              
Code Helper (Plugin)               13134  17.16     53.75  39.02   1.95               55.61   3.90              
logd                               94     13.02     44.89  0.00    0.00               0.00    0.00              
Code Helper (Renderer)             13133  9.19      83.08  1.95    0.00               6.83    1.95              
airportd                           180    11.53     91.78  0.00    0.00               0.98    0.00              
Code Helper (GPU)                  13131  4.99      64.20  0.00    0.00               30.24   13.66             
Microsoft Teams WebView Helper (   16852  6.22      89.64  0.98    0.00               6.83    0.98              
TouchBarServer                     358    5.50      39.93  0.00    0.00               0.00    0.00              
Microsoft Teams WebView Helper (   16840  4.55      66.68  0.00    0.00               23.41   3.90              
Electron                           13111  5.21      60.45  4.88    0.00               6.83    0.00              
mds                                122    4.98      51.47  0.00    0.00               11.71   1.95              
Code Helper                        19359  3.99      38.62  11.71   0.00               17.56   2.93              
VTEncoderXPCService                21808  4.33      46.35  0.00    0.00               0.00    0.00              
fseventsd                          99     3.86      36.68  0.98    0.98               13.66   1.95              
beam.smp                           66542  3.20      80.32  0.00    0.98               2.93    0.00              
bluetoothd                         98415  2.32      69.70  0.00    0.00               0.98    0.00              
java                               18364  0.83      40.80  0.00    0.00               25.36   6.83              
mds_stores                         326    3.61      58.67  0.00    0.00               0.00    0.00              
wifianalyticsd                     293    1.82      68.16  0.00    0.00               0.00    0.00              
java                               13297  0.83      44.55  0.00    0.00               25.36   2.93              
beam.smp                           18879  1.17      87.28  0.98    0.00               2.93    0.98              
Google Chrome                      76998  1.32      81.96  0.00    0.00               0.98    0.00              
Google Chrome Helper (Renderer)    21606  0.77      78.96  0.00    0.00               7.80    0.98              
Code Helper                        13135  0.96      72.62  0.98    0.00               0.98    0.00              
Google Chrome Helper (Renderer)    87750  0.66      80.10  0.00    0.00               0.98    0.98              
audioclocksyncd                    268    0.83      47.54  0.00    0.00               0.00    0.00              
Google Chrome Helper (Renderer)    73899  0.53      89.71  0.00    0.00               3.90    0.98              
Finder                             7780   0.69      69.21  0.00    0.00               0.00    0.00              
notifyd                            158    0.67      72.74  0.00    0.00               0.00    0.00              
Microsoft Teams WebView            16827  0.41      73.95  0.00    0.00               0.98    0.00              
syspolicyd                         250    0.34      54.45  0.00    0.00               0.00    0.00              
Google Chrome Helper (Renderer)    60052  0.13      76.53  0.00    0.00               0.98    0.98              
nsurlsessiond                      189    0.16      44.29  0.00    0.00               0.98    0.98              
Google Chrome Helper (Renderer)    16739  0.26      85.83  0.00    0.00               2.93    0.00              
locationd                          141    0.08      37.31  0.00    0.00               0.98    0.98              
epmd                               10296  0.04      33.08  0.00    0.00               0.98    0.98              
opendirectoryd                     133    0.22      67.88  0.00    0.00               0.00    0.00              
contextstored                      206    0.22      59.79  0.00    0.00               0.00    0.00              
mDNSResponderHelper                253    0.02      45.28  0.00    0.00               0.98    0.98              
Google Chrome Helper (Renderer)    36705  0.19      89.50  0.00    0.00               0.98    0.00              
nearbyd                            517    0.19      40.31  0.00    0.00               0.98    0.00              
mdworker_shared                    88720  1.77      55.13  0.00    0.00               0.00    0.00              
logd_helper                        163    0.14      26.99  0.00    0.00               0.00    0.00              
Code Helper                        13136  0.12      26.12  0.00    0.00               0.00    0.00              
Code Helper (Plugin)               49338  0.11      52.62  0.98    0.00               1.95    0.00              
replayd                            516    0.11      36.99  0.00    0.00               0.98    0.00              
Google Chrome Helper (Renderer)    14228  0.10      66.51  0.00    0.00               0.98    0.00              
Code Helper (Plugin)               49282  0.09      61.00  0.98    0.00               1.95    0.00              
UVCAssistant                       256    0.08      28.09  0.00    0.00               0.98    0.00              
Google Chrome Helper (Renderer)    92244  0.08      83.02  0.00    0.00               0.98    0.00              
Code Helper (Plugin)               49283  0.07      64.61  0.98    0.00               1.95    0.00              
appstorecomponentsd                23393  0.09      25.02  0.00    0.00               0.98    0.00              
Code Helper (Plugin)               13291  0.07      65.24  0.98    0.00               1.95    0.00              
symptomsd                          226    0.07      32.41  0.00    0.00               0.00    0.00              
Google Chrome Helper               77017  0.05      61.29  0.00    0.00               0.98    0.00              
sharingd                           522    0.04      67.35  0.00    0.00               0.00    0.00              
postgres                           8410   0.03      41.18  0.00    0.00               0.98    0.00              
wifip2pd                           287    0.03      41.32  0.00    0.00               0.00    0.00              
Google Chrome Helper (Renderer)    68700  0.02      57.57  0.00    0.00               0.98    0.00              
Google Chrome Helper (Renderer)    30600  0.02      59.89  0.00    0.00               0.98    0.00              
com.apple.audio.Core-Audio-Drive   249    0.02      28.89  0.00    0.00               0.98    0.00              
ALL_TASKS                          -2     1469.87   61.03  632.61  597.46             2436.71 534.98            


**** Battery and backlight usage ****

Battery: percent_charge: 1072
Backlight level: 449 (range 0-1024)
Keyboard Backlight level: 37 (off 0 on range 32-512)


**** Network activity ****

out: 25.38 packets/s, 5457.21 bytes/s
in:  9.76 packets/s, 1132.45 bytes/s


**** Disk activity ****

read: 0.00 ops/s 0.00 KBytes/s
write: 69.31 ops/s 25195.83 KBytes/s

****  Interrupt distribution ****

CPU 0:
	Vector 0x46(SMC): 11.71 interrupts/sec
	Vector 0x54(URT0): 5.86 interrupts/sec
	Vector 0x79(ANS2): 60.53 interrupts/sec
	Vector 0x7c(ARPT): 42.95 interrupts/sec
	Vector 0x7e(IGPU): 27.33 interrupts/sec
	Vector 0x94(IOBC): 24.41 interrupts/sec
	Vector 0xdd(TMR): 988.94 interrupts/sec
	Vector 0xde(IPI): 586.72 interrupts/sec
CPU 1:
	Vector 0xdd(TMR): 42.95 interrupts/sec
	Vector 0xde(IPI): 377.81 interrupts/sec
CPU 2:
	Vector 0xdd(TMR): 346.57 interrupts/sec
	Vector 0xde(IPI): 594.53 interrupts/sec
CPU 3:
	Vector 0xdd(TMR): 36.12 interrupts/sec
	Vector 0xde(IPI): 273.35 interrupts/sec
CPU 4:
	Vector 0xdd(TMR): 316.30 interrupts/sec
	Vector 0xde(IPI): 537.91 interrupts/sec
CPU 5:
	Vector 0xdd(TMR): 31.24 interrupts/sec
	Vector 0xde(IPI): 238.20 interrupts/sec
CPU 6:
	Vector 0xdd(TMR): 255.78 interrupts/sec
	Vector 0xde(IPI): 493.00 interrupts/sec
CPU 7:
	Vector 0xdd(TMR): 17.57 interrupts/sec
	Vector 0xde(IPI): 226.49 interrupts/sec



**** Processor usage ****

Intel energy model derived package power (CPUs+GT+SA): 4.83W

LLC flushed residency: 10.7%

System Average frequency as fraction of nominal: 87.09% (2090.09 Mhz)
Package 0 C-state residency: 15.19% (C2: 15.19% C3: 0.00% C6: 0.00% C7: 0.00% C8: 0.00% C9: 0.00% C10: 0.00% )
CPU/GPU Overlap: 2.90%
Cores Active: 74.06%
GPU Active: 3.45%
Avg Num of Cores Active: 1.52

Core 0 C-state residency: 40.34% (C3: 0.90% C6: 0.00% C7: 39.45% )

CPU 0 duty cycles/s: active/idle [< 16 us: 769.28/299.71] [< 32 us: 114.22/97.62] [< 64 us: 249.92/411.98] [< 128 us: 189.39/365.12] [< 256 us: 169.87/256.75] [< 512 us: 144.48/158.15] [< 1024 us: 128.86/130.82] [< 2048 us: 78.10/108.36] [< 4096 us: 22.45/46.86] [< 8192 us: 8.79/1.95] [< 16384 us: 2.93/0.00] [< 32768 us: 0.00/0.00] 
CPU Average frequency as fraction of nominal: 85.52% (2052.48 Mhz)

CPU 1 duty cycles/s: active/idle [< 16 us: 2117.48/308.49] [< 32 us: 90.79/140.58] [< 64 us: 86.89/400.26] [< 128 us: 50.76/468.60] [< 256 us: 29.29/386.59] [< 512 us: 9.76/256.75] [< 1024 us: 12.69/181.58] [< 2048 us: 0.98/131.79] [< 4096 us: 1.95/101.53] [< 8192 us: 0.00/23.43] [< 16384 us: 0.00/0.98] [< 32768 us: 0.00/0.00] 
CPU Average frequency as fraction of nominal: 96.08% (2305.89 Mhz)

Core 1 C-state residency: 48.38% (C3: 4.27% C6: 0.00% C7: 44.11% )

CPU 2 duty cycles/s: active/idle [< 16 us: 913.77/304.59] [< 32 us: 131.79/65.41] [< 64 us: 196.23/394.40] [< 128 us: 216.73/398.31] [< 256 us: 235.28/356.33] [< 512 us: 210.87/221.61] [< 1024 us: 109.34/175.72] [< 2048 us: 61.50/129.84] [< 4096 us: 9.76/41.98] [< 8192 us: 2.93/0.00] [< 16384 us: 0.98/0.00] [< 32768 us: 0.00/0.00] 
CPU Average frequency as fraction of nominal: 84.79% (2035.06 Mhz)

CPU 3 duty cycles/s: active/idle [< 16 us: 2001.30/345.59] [< 32 us: 74.19/198.18] [< 64 us: 56.62/294.83] [< 128 us: 35.14/301.66] [< 256 us: 25.38/270.42] [< 512 us: 5.86/254.80] [< 1024 us: 9.76/250.90] [< 2048 us: 1.95/188.42] [< 4096 us: 1.95/94.70] [< 8192 us: 0.00/11.71] [< 16384 us: 0.00/0.00] [< 32768 us: 0.00/0.00] 
CPU Average frequency as fraction of nominal: 97.81% (2347.38 Mhz)

Core 2 C-state residency: 58.45% (C3: 5.53% C6: 0.00% C7: 52.92% )

CPU 4 duty cycles/s: active/idle [< 16 us: 963.55/249.92] [< 32 us: 117.15/99.58] [< 64 us: 176.70/339.73] [< 128 us: 183.53/361.21] [< 256 us: 175.72/266.52] [< 512 us: 123.98/221.61] [< 1024 us: 98.60/168.89] [< 2048 us: 46.86/108.36] [< 4096 us: 10.74/77.12] [< 8192 us: 2.93/6.83] [< 16384 us: 0.00/0.00] [< 32768 us: 0.00/0.00] 
CPU Average frequency as fraction of nominal: 86.87% (2084.78 Mhz)

CPU 5 duty cycles/s: active/idle [< 16 us: 1854.87/323.14] [< 32 us: 73.22/167.91] [< 64 us: 67.36/304.59] [< 128 us: 40.03/316.30] [< 256 us: 27.33/225.51] [< 512 us: 11.71/250.90] [< 1024 us: 7.81/206.96] [< 2048 us: 1.95/163.03] [< 4096 us: 0.00/105.43] [< 8192 us: 0.00/20.50] [< 16384 us: 0.00/0.98] [< 32768 us: 0.00/0.00] 
CPU Average frequency as fraction of nominal: 95.19% (2284.67 Mhz)

Core 3 C-state residency: 64.69% (C3: 0.82% C6: 0.00% C7: 63.87% )

CPU 6 duty cycles/s: active/idle [< 16 us: 794.66/210.87] [< 32 us: 112.27/40.03] [< 64 us: 164.01/341.69] [< 128 us: 158.15/252.85] [< 256 us: 131.79/202.08] [< 512 us: 94.70/166.94] [< 1024 us: 76.15/145.46] [< 2048 us: 38.07/146.44] [< 4096 us: 18.55/73.22] [< 8192 us: 3.90/12.69] [< 16384 us: 0.00/0.00] [< 32768 us: 0.00/0.00] 
CPU Average frequency as fraction of nominal: 88.05% (2113.25 Mhz)

CPU 7 duty cycles/s: active/idle [< 16 us: 444.19/66.38] [< 32 us: 61.50/45.88] [< 64 us: 62.48/84.93] [< 128 us: 41.00/82.00] [< 256 us: 24.41/78.10] [< 512 us: 8.79/49.79] [< 1024 us: 5.86/61.50] [< 2048 us: 3.90/44.91] [< 4096 us: 2.93/65.41] [< 8192 us: 0.00/43.93] [< 16384 us: 0.00/30.26] [< 32768 us: 0.00/1.95] 
CPU Average frequency as fraction of nominal: 99.22% (2381.35 Mhz)


**** Thermal pressure ****

Current pressure level: Nominal


**** Selective Forced Idle ****

Selective Forced Idle window:     50000us

**** GPU usage ****

GPU 0 name IntelIG
GPU 0 C-state residency: 96.92% (0.45%, 96.47%)
GPU 0 P-state residency: 1150MHz: 0.00%, 1100MHz: 0.00%, 1050MHz: 0.00%, 1000MHz: 0.00%, 950MHz: 0.00%, 900MHz: 0.00%, 850MHz: 0.00%, 800MHz: 0.00%, 750MHz: 0.00%, 700MHz: 0.00%, 650MHz: 0.00%, 600MHz: 0.00%, 550MHz: 0.00%, 500MHz: 3.08%, 450MHz: 0.00%, 400MHz: 0.00%, 350MHz: 0.00%, 300MHz: 0.00%
GPU 0 average active frequency as fraction of nominal (300.00Mhz): 166.67% (500.00Mhz)
GPU 0 HW average active frequency   : 0.00%
GPU 0 GPU Busy                      : 3.08%
GPU 0 DC6 Residency                 : 0.00%
GPU 0 [PSR] GPU + TCON are Off      : 0.00%
GPU 0 [PSR] Only GPU is On          : 0.00%
GPU 0 [PSR] Only TCON is On         : 100.00%
GPU 0 [PSR] GPU + TCON are On       : 0.00%
GPU 0 [PSR] StateMachine Bypass     : 0.00%
GPU 0 [PSR] StateMachine FIFO       : 5.10%
GPU 0 [PSR] StateMachine Others     : 94.90%
GPU 0 DPB Strong On                 : 0.00%
GPU 0 DPB Weak On                   : 0.00%
GPU 0 1Slice      on            : 100.00%
GPU 0 2Slices     on            : 0.00%
GPU 0 PPFM on                       : 0.00%
GPU 0 Throttle High Priority(%): 0
GPU 0 Throttle NormalHi Priority(%): 0
GPU 0 Throttle Normal Priority(%): 0
GPU 0 Throttle Low Priority(%): 0
GPU 0 Slice switch                  : 0 (0.00/second)
GPU 0 DC6 Exit Reason - Flip: 0 (0.00/second)
GPU 0 DC6 Exit Reason - Register: 1 (0.98/second)
GPU 0 DC6 Exit Reason - Gamma: 0 (0.00/second)
GPU 0 DC6 Exit Reason - Interrupt: 0 (0.00/second)
GPU 0 DC6 Exit Reason - Cursor: 0 (0.00/second)
GPU 0 DC6 Exit Reason - Render: 0 (0.00/second)
GPU 0 [INT] VBLANK_A           : 0 (0.00/second)
GPU 0 [INT] VBLANK_B           : 0 (0.00/second)
GPU 0 [INT] VBLANK_C           : 0 (0.00/second)
GPU 0 [INT] PRIMARY_FLIP_A     : 0 (0.00/second)
GPU 0 [INT] PRIMARY_FLIP_B     : 0 (0.00/second)
GPU 0 [INT] PRIMARY_FLIP_C     : 0 (0.00/second)
GPU 0 [INT] SPRITE_FLIP_A      : 0 (0.00/second)
GPU 0 [INT] SPRITE_FLIP_B      : 0 (0.00/second)
GPU 0 [INT] SPRITE_FLIP_C      : 0 (0.00/second)
GPU 0 [INT] VIDEO_USER_1       : 0 (0.00/second)
GPU 0 [INT] VIDEO_USER_2       : 0 (0.00/second)
GPU 0 [INT] VEBOX_USER         : 0 (0.00/second)
GPU 0 [INT] RENDOR_USER        : 0 (0.00/second)
GPU 0 [INT] BLITTER_USER       : 0 (0.00/second)
GPU 0 [INT] GPU_PARSER         : 0 (0.00/second)
GPU 0 [INT] HOTPLUG_DP_A       : 0 (0.00/second)
GPU 0 [INT] HOTPLUG_DP_B       : 0 (0.00/second)
GPU 0 [INT] HOTPLUG_DP_C       : 0 (0.00/second)
GPU 0 [INT] HOTPLUG_DP_D       : 0 (0.00/second)
GPU 0 [INT] SHORTPULSE_DP_A    : 0 (0.00/second)
GPU 0 [INT] SHORTPULSE_DP_B    : 0 (0.00/second)
GPU 0 [INT] SHORTPULSE_DP_C    : 0 (0.00/second)
GPU 0 [INT] SHORTPULSE_DP_D    : 0 (0.00/second)
GPU 0 [INT] UP_THRESHOLD       : 0 (0.00/second)
GPU 0 [INT] DOWN_THRESHOLD     : 0 (0.00/second)
GPU 0 [INT] SRD_INTERRUPT      : 0 (0.00/second)
GPU 0 [INT] PSR_EXIT_TRIGGER   : 0 (0.00/second)
GPU 0 [INT] BCS_CONTEXT_SWITCH : 0 (0.00/second)
GPU 0 [INT] CS_CONTEXT_SWITCH  : 0 (0.00/second)
GPU 0 [INT] VCS1_CONTEXT_SWITCH: 0 (0.00/second)
GPU 0 [INT] VCS2_CONTEXT_SWITCH: 0 (0.00/second)
GPU 0 [INT] VECS_CONTEXT_SWITCH: 0 (0.00/second)
GPU 0 [INT] PIPEA_UNDERRUN     : 0 (0.00/second)
GPU 0 [INT] PIPEB_UNDERRUN     : 0 (0.00/second)
GPU 0 [INT] PIPEC_UNDERRUN     : 0 (0.00/second)
GPU 0 [INT] RCS_ERROR          : 0 (0.00/second)
GPU 0 [INT] BCS_ERROR          : 0 (0.00/second)
GPU 0 [INT] VCS1_ERROR         : 0 (0.00/second)
GPU 0 [INT] VCS2_ERROR         : 0 (0.00/second)
GPU 0 [INT] VECS_ERROR         : 0 (0.00/second)
GPU 0 [INT] RCS_FLUSH_NOTIFY   : 19 (18.55/second)
GPU 0 [INT] BCS_FLUSH_NOTIFY   : 0 (0.00/second)
GPU 0 [INT] VCS1_FLUSH_NOTIFY  : 4 (3.91/second)
GPU 0 [INT] VCS2_FLUSH_NOTIFY  : 0 (0.00/second)
GPU 0 [INT] VECS_FLUSH_NOTIFY  : 0 (0.00/second)
GPU 0 [INT] GUC_TO_HOST_INT    : 0 (0.00/second)
GPU 0 [INT] SW_INT_6           : 5 (4.88/second)
GPU 0 FB Test Case 0

**** AGPM Stats ****

Accelerator Type: IntelAccelerator
Plimit: 0.00 (GPU Frequency headroom limited on average by 0 MHz)



**** SMC sensors ****

CPU Thermal level: 0
IO Thermal level: 0
Fan: 1247.36 rpm
CPU die temperature: 63.78 C
CPU Plimit: 0.00
GPU Plimit (Int): 0.00 
Number of prochots: 0

**** NVMe Power-state Residency ****
          (null):        0.000 s (  0.0%)
          (null):        0.000 s (  0.0%)
          (null):        1.025 s (100.0%)

**** I/O Throttling ****
Tier0 Throttle Time:        0.000 s (  0.0%)
Tier1 Throttle Time:        0.000 s (  0.0%)
Tier2 Throttle Time:        0.000 s (  0.0%)
Tier3 Throttle Time:        0.000 s (  0.0%)


*** Sampled system activity (Mon Dec  2 14:23:04 2024 +0100) (1024.38ms elapsed) ***

*** Running tasks ***

Name                               ID     CPU ms/s  User%  Deadlines (<2 ms, 2-5 ms)  Wakeups (Intr, Pkg idle)
MSTeams                            16698  424.24    74.89  0.00    582.62             749.50  238.12            
WindowServer                       164    226.47    69.15  1.95    1.95               68.31   40.99             
DEAD_TASKS                         -1     174.02    31.87  0.00    0.00               0.00    0.00              
WindowManager                      496    90.72     71.58  0.00    0.00               53.68   25.37             
coreaudiod                         187    39.87     82.40  0.00    0.00               187.38  78.07             
Google Chrome Helper (Renderer)    33997  29.82     60.96  0.00    0.00               187.38  70.27             
launchd                            1      42.27     55.57  0.00    0.00               0.00    0.00              
kernel_task                        0      23.12     0.00   0.00    0.00               300.58  90.76             
powermetrics                       90729  20.51     17.82  0.00    0.00               0.98    0.00              
Microsoft Teams WebView Helper (   16852  11.65     87.34  0.00    0.00               8.78    0.98              
logd                               94     11.74     34.52  0.00    0.00               0.00    0.00              
Code Helper (Renderer)             13133  9.64      84.69  1.95    0.00               4.88    3.90              
Code Helper                        19359  9.67      51.30  29.28   0.00               36.11   2.93              
wifianalyticsd                     293    12.38     57.03  0.00    0.00               0.98    0.00              
Code Helper (Plugin)               13134  8.78      37.42  21.47   0.00               32.21   1.95              
Code Helper (GPU)                  13131  4.92      65.56  0.00    0.00               31.23   20.49             
Google Chrome Helper               77017  5.64      94.64  0.00    0.00               2.93    0.00              
TouchBarServer                     358    5.08      40.63  0.00    0.00               0.00    0.00              
Microsoft Teams WebView Helper (   16840  4.61      66.38  0.00    0.00               22.45   1.95              
audioanalyticsd                    7818   5.91      90.96  0.00    0.00               0.00    0.00              
VTEncoderXPCService                21808  3.65      41.43  0.00    0.00               0.00    0.00              
java                               18364  0.83      42.54  0.00    0.00               24.40   8.78              
beam.smp                           66542  2.38      76.66  0.00    0.00               0.00    0.00              
bluetoothd                         98415  2.05      68.23  0.00    0.00               0.98    0.00              
mds                                122    4.21      55.72  0.00    0.00               0.98    0.00              
java                               13297  0.81      47.85  0.00    0.00               24.40   4.88              
Code Helper                        13136  1.59      46.25  1.95    0.00               3.90    0.00              
Microsoft Teams WebView            16827  1.00      66.57  0.00    0.00               4.88    2.93              
Electron                           13111  1.47      74.03  0.00    0.00               0.00    0.00              
Google Chrome                      76998  1.00      83.73  0.00    0.00               0.98    0.98              
Google Chrome Helper (GPU)         77016  1.11      47.66  0.00    0.00               1.95    0.00              
Code Helper                        13135  1.05      83.99  1.95    0.00               3.90    0.00              
audioclocksyncd                    268    0.88      50.52  0.00    0.00               0.00    0.00              
notifyd                            158    0.69      63.03  0.00    0.00               0.00    0.00              
opendirectoryd                     133    0.67      53.54  0.00    0.00               0.00    0.00              
Google Chrome Helper (Renderer)    73899  0.27      88.94  0.00    0.00               2.93    1.95              
Google Chrome Helper (Renderer)    21606  0.23      84.57  0.00    0.00               2.93    1.95              
Google Chrome Helper (Renderer)    87750  0.61      78.71  0.00    0.00               0.98    0.00              
contextstored                      206    0.71      60.49  0.00    0.00               0.00    0.00              
mds_stores                         326    6.03      72.60  0.00    0.00               0.00    0.00              
Google Chrome Helper               77522  0.23      68.75  0.00    0.00               0.98    0.98              
locationd                          141    0.25      40.50  0.00    0.00               1.95    0.98              
launchservicesd                    136    0.39      32.88  0.00    0.00               1.95    0.00              
ControlCenter                      433    0.35      67.00  0.00    0.00               0.00    0.00              
Google Chrome Helper (Renderer)    14228  0.30      21.16  0.00    0.00               0.98    0.00              
com.apple.AppleUserHIDDrivers      340    0.27      27.86  0.00    0.00               0.00    0.00              
Google Chrome Helper (Renderer)    60052  0.27      82.13  0.00    0.00               0.98    0.00              
pboard                             414    0.26      23.98  0.00    0.00               0.98    0.00              
runningboardd                      172    0.26      45.75  0.00    0.00               0.98    0.00              
mDNSResponderHelper                253    0.05      39.00  0.00    0.00               0.98    0.98              
nsurlsessiond                      422    0.30      32.27  0.00    0.00               0.98    0.00              
QtWebEngineProcess                 34279  0.04      52.73  0.00    0.00               0.98    0.98              
Google Chrome Helper (Renderer)    16739  0.24      85.82  0.00    0.00               2.93    0.00              
UVCAssistant                       256    0.04      33.86  0.00    0.00               0.98    0.98              
Code Helper                        13132  0.21      82.57  0.00    0.00               0.98    0.00              
powerd                             108    0.21      44.92  0.00    0.00               0.00    0.00              
ViewBridgeAuxiliary                734    0.20      54.81  0.00    0.00               0.98    0.00              
nearbyd                            517    0.18      34.21  0.00    0.00               0.98    0.00              
Google Chrome Helper (Plugin)      77523  0.18      71.12  0.00    0.00               0.98    0.00              
loginwindow                        168    0.15      49.32  0.00    0.00               0.98    0.00              
mobiletimerd                       515    0.14      40.72  0.00    0.00               0.98    0.00              
lsd                                390    0.15      28.09  0.00    0.00               0.98    0.00              
Spotlight                          7785   0.10      33.77  0.00    0.00               0.98    0.00              
Google Chrome Helper               77020  0.10      68.00  0.00    0.00               0.98    0.00              
wifivelocityd                      37964  0.12      32.92  0.00    0.00               0.98    0.00              
nsurlsessiond                      189    0.12      33.48  0.00    0.00               0.98    0.00              
com.apple.geod                     222    0.11      42.71  0.00    0.00               0.98    0.00              
PerfPowerServices                  85534  0.10      34.05  0.00    0.00               0.98    0.00              
parsecd                            478    0.10      48.46  0.00    0.00               0.98    0.00              
corebrightnessd                    160    0.08      52.36  0.00    0.00               0.00    0.00              
backupd                            251    0.09      29.49  0.00    0.00               0.98    0.00              
tccd                               166    0.09      42.96  0.00    0.00               0.98    0.00              
Dock                               7778   0.07      25.12  0.00    0.00               0.98    0.00              
Google Chrome Helper (Renderer)    959    0.06      84.48  0.00    0.00               0.98    0.00              
com.apple.CodeSigningHelper        215    0.07      30.04  0.00    0.00               0.98    0.00              
ManagedClient                      90727  0.06      47.31  0.00    0.00               0.98    0.00              
promotedcontentd                   1154   0.06      40.88  0.00    0.00               0.98    0.00              
com.apple.audio.Core-Audio-Drive   249    0.05      19.65  0.00    0.00               0.98    0.00              
ContextStoreAgent                  434    0.05      22.60  0.00    0.00               0.98    0.00              
CommCenter                         449    0.04      27.09  0.00    0.00               0.98    0.00              
contentlinkingd                    8027   0.04      31.71  0.00    0.00               0.98    0.00              
mdmclient                          89960  0.04      33.34  0.00    0.00               0.98    0.00              
com.apple.hiservices-xpcservice    511    0.04      51.43  0.00    0.00               0.00    0.00              
QtWebEngineProcess                 34278  0.03      65.42  0.00    0.00               0.98    0.00              
diagnostics_agent                  1028   0.04      31.66  0.00    0.00               0.98    0.00              
fontd                              897    0.04      27.52  0.00    0.00               0.98    0.00              
siriactionsd                       495    0.03      32.35  0.00    0.00               0.98    0.00              
com.apple.CloudPhotosConfigurati   528    0.03      33.07  0.00    0.00               0.98    0.00              
ALL_TASKS                          -2     1199.06   62.74  58.57   584.74             1806.94 602.31            


**** Battery and backlight usage ****

Battery: percent_charge: 1072
Backlight level: 449 (range 0-1024)
Keyboard Backlight level: 37 (off 0 on range 32-512)


**** Network activity ****

out: 31.24 packets/s, 12448.46 bytes/s
in:  15.62 packets/s, 5324.18 bytes/s


**** Disk activity ****

read: 0.00 ops/s 0.00 KBytes/s
write: 0.00 ops/s 0.00 KBytes/s

****  Interrupt distribution ****

CPU 0:
	Vector 0x46(SMC): 7.81 interrupts/sec
	Vector 0x54(URT0): 5.86 interrupts/sec
	Vector 0x7c(ARPT): 58.57 interrupts/sec
	Vector 0x7e(IGPU): 22.45 interrupts/sec
	Vector 0x94(IOBC): 25.38 interrupts/sec
	Vector 0xdd(TMR): 951.79 interrupts/sec
	Vector 0xde(IPI): 481.27 interrupts/sec
CPU 1:
	Vector 0xdd(TMR): 4.88 interrupts/sec
	Vector 0xde(IPI): 183.52 interrupts/sec
CPU 2:
	Vector 0xdd(TMR): 270.41 interrupts/sec
	Vector 0xde(IPI): 493.96 interrupts/sec
	Vector 0xdf(PMI): 0.98 interrupts/sec
CPU 3:
	Vector 0xdd(TMR): 2.93 interrupts/sec
	Vector 0xde(IPI): 156.19 interrupts/sec
CPU 4:
	Vector 0xdd(TMR): 150.33 interrupts/sec
	Vector 0xde(IPI): 419.76 interrupts/sec
CPU 5:
	Vector 0xdd(TMR): 4.88 interrupts/sec
	Vector 0xde(IPI): 129.83 interrupts/sec
CPU 6:
	Vector 0xdd(TMR): 124.95 interrupts/sec
	Vector 0xde(IPI): 356.31 interrupts/sec
CPU 7:
	Vector 0xdd(TMR): 8.79 interrupts/sec
	Vector 0xde(IPI): 159.12 interrupts/sec



**** Processor usage ****

Intel energy model derived package power (CPUs+GT+SA): 3.97W

LLC flushed residency: 11.5%

System Average frequency as fraction of nominal: 78.54% (1885.06 Mhz)
Package 0 C-state residency: 18.34% (C2: 18.34% C3: 0.00% C6: 0.00% C7: 0.00% C8: 0.00% C9: 0.00% C10: 0.00% )
CPU/GPU Overlap: 1.63%
Cores Active: 68.49%
GPU Active: 2.17%
Avg Num of Cores Active: 1.27

Core 0 C-state residency: 46.79% (C3: 5.36% C6: 0.00% C7: 41.43% )

CPU 0 duty cycles/s: active/idle [< 16 us: 833.67/231.36] [< 32 us: 131.79/66.38] [< 64 us: 264.55/450.03] [< 128 us: 205.00/396.34] [< 256 us: 155.22/305.55] [< 512 us: 131.79/152.29] [< 1024 us: 127.88/155.22] [< 2048 us: 54.67/126.91] [< 4096 us: 18.55/45.88] [< 8192 us: 7.81/2.93] [< 16384 us: 0.98/0.00] [< 32768 us: 0.00/0.00] 
CPU Average frequency as fraction of nominal: 79.49% (1907.69 Mhz)

CPU 1 duty cycles/s: active/idle [< 16 us: 1983.63/192.31] [< 32 us: 52.71/100.55] [< 64 us: 54.67/332.88] [< 128 us: 40.02/466.62] [< 256 us: 22.45/363.15] [< 512 us: 8.79/252.83] [< 1024 us: 0.00/195.24] [< 2048 us: 0.00/140.57] [< 4096 us: 0.00/92.74] [< 8192 us: 0.00/24.40] [< 16384 us: 0.00/0.98] [< 32768 us: 0.00/0.00] 
CPU Average frequency as fraction of nominal: 77.25% (1853.98 Mhz)

Core 1 C-state residency: 51.11% (C3: 6.33% C6: 0.00% C7: 44.78% )

CPU 2 duty cycles/s: active/idle [< 16 us: 871.74/240.14] [< 32 us: 123.00/46.86] [< 64 us: 165.95/374.86] [< 128 us: 204.03/412.93] [< 256 us: 250.88/318.24] [< 512 us: 205.98/234.29] [< 1024 us: 105.43/182.55] [< 2048 us: 65.41/138.62] [< 4096 us: 4.88/50.76] [< 8192 us: 0.98/0.00] [< 16384 us: 0.00/0.00] [< 32768 us: 0.00/0.00] 
CPU Average frequency as fraction of nominal: 77.49% (1859.87 Mhz)

CPU 3 duty cycles/s: active/idle [< 16 us: 1771.80/226.48] [< 32 us: 45.88/131.79] [< 64 us: 53.69/227.45] [< 128 us: 26.36/254.79] [< 256 us: 7.81/258.69] [< 512 us: 2.93/271.38] [< 1024 us: 0.98/221.60] [< 2048 us: 0.98/205.00] [< 4096 us: 0.00/95.67] [< 8192 us: 0.00/17.57] [< 16384 us: 0.00/0.00] [< 32768 us: 0.00/0.00] 
CPU Average frequency as fraction of nominal: 82.06% (1969.54 Mhz)

Core 2 C-state residency: 61.06% (C3: 8.49% C6: 0.00% C7: 52.57% )

CPU 4 duty cycles/s: active/idle [< 16 us: 922.51/203.05] [< 32 us: 95.67/41.00] [< 64 us: 164.98/306.53] [< 128 us: 190.36/373.88] [< 256 us: 145.45/287.00] [< 512 us: 127.88/205.98] [< 1024 us: 84.93/146.43] [< 2048 us: 37.10/122.02] [< 4096 us: 8.79/82.00] [< 8192 us: 1.95/11.71] [< 16384 us: 0.00/0.00] [< 32768 us: 0.00/0.00] 
CPU Average frequency as fraction of nominal: 78.67% (1888.02 Mhz)

CPU 5 duty cycles/s: active/idle [< 16 us: 1622.44/186.45] [< 32 us: 34.17/150.33] [< 64 us: 46.86/209.88] [< 128 us: 27.33/263.57] [< 256 us: 11.71/228.43] [< 512 us: 6.83/217.69] [< 1024 us: 0.98/200.12] [< 2048 us: 1.95/152.29] [< 4096 us: 0.00/121.05] [< 8192 us: 0.00/21.48] [< 16384 us: 0.00/0.00] [< 32768 us: 0.00/0.00] 
CPU Average frequency as fraction of nominal: 85.88% (2061.04 Mhz)

Core 3 C-state residency: 75.22% (C3: 4.40% C6: 0.00% C7: 70.81% )

CPU 6 duty cycles/s: active/idle [< 16 us: 783.89/154.24] [< 32 us: 91.76/21.48] [< 64 us: 158.14/271.38] [< 128 us: 164.00/257.72] [< 256 us: 103.48/207.93] [< 512 us: 76.14/151.31] [< 1024 us: 51.74/146.43] [< 2048 us: 28.31/125.93] [< 4096 us: 7.81/112.26] [< 8192 us: 0.98/16.60] [< 16384 us: 0.00/0.00] [< 32768 us: 0.00/0.00] 
CPU Average frequency as fraction of nominal: 77.31% (1855.56 Mhz)

CPU 7 duty cycles/s: active/idle [< 16 us: 359.24/48.81] [< 32 us: 48.81/34.17] [< 64 us: 63.45/85.91] [< 128 us: 37.10/63.45] [< 256 us: 14.64/39.05] [< 512 us: 6.83/39.05] [< 1024 us: 2.93/36.12] [< 2048 us: 0.00/41.00] [< 4096 us: 0.00/50.76] [< 8192 us: 0.00/63.45] [< 16384 us: 0.00/31.24] [< 32768 us: 0.00/0.00] 
CPU Average frequency as fraction of nominal: 78.39% (1881.46 Mhz)


**** Thermal pressure ****

Current pressure level: Nominal


**** Selective Forced Idle ****

Selective Forced Idle window:     50000us

**** GPU usage ****

GPU 0 name IntelIG
GPU 0 C-state residency: 98.18% (0.42%, 97.76%)
GPU 0 P-state residency: 1150MHz: 0.00%, 1100MHz: 0.00%, 1050MHz: 0.00%, 1000MHz: 0.00%, 950MHz: 0.00%, 900MHz: 0.00%, 850MHz: 0.00%, 800MHz: 0.00%, 750MHz: 0.00%, 700MHz: 0.00%, 650MHz: 0.00%, 600MHz: 0.00%, 550MHz: 0.00%, 500MHz: 1.82%, 450MHz: 0.00%, 400MHz: 0.00%, 350MHz: 0.00%, 300MHz: 0.00%
GPU 0 average active frequency as fraction of nominal (300.00Mhz): 166.67% (500.00Mhz)
GPU 0 HW average active frequency   : 0.00%
GPU 0 GPU Busy                      : 1.82%
GPU 0 DC6 Residency                 : 0.00%
GPU 0 [PSR] GPU + TCON are Off      : 0.00%
GPU 0 [PSR] Only GPU is On          : 0.00%
GPU 0 [PSR] Only TCON is On         : 100.00%
GPU 0 [PSR] GPU + TCON are On       : 0.00%
GPU 0 [PSR] StateMachine Bypass     : 0.00%
GPU 0 [PSR] StateMachine FIFO       : 5.10%
GPU 0 [PSR] StateMachine Others     : 94.90%
GPU 0 DPB Strong On                 : 0.00%
GPU 0 DPB Weak On                   : 0.00%
GPU 0 1Slice      on            : 100.00%
GPU 0 2Slices     on            : 0.00%
GPU 0 PPFM on                       : 0.00%
GPU 0 Throttle High Priority(%): 0
GPU 0 Throttle NormalHi Priority(%): 0
GPU 0 Throttle Normal Priority(%): 0
GPU 0 Throttle Low Priority(%): 0
GPU 0 Slice switch                  : 0 (0.00/second)
GPU 0 DC6 Exit Reason - Flip: 0 (0.00/second)
GPU 0 DC6 Exit Reason - Register: 1 (0.98/second)
GPU 0 DC6 Exit Reason - Gamma: 0 (0.00/second)
GPU 0 DC6 Exit Reason - Interrupt: 0 (0.00/second)
GPU 0 DC6 Exit Reason - Cursor: 0 (0.00/second)
GPU 0 DC6 Exit Reason - Render: 0 (0.00/second)
GPU 0 [INT] VBLANK_A           : 0 (0.00/second)
GPU 0 [INT] VBLANK_B           : 0 (0.00/second)
GPU 0 [INT] VBLANK_C           : 0 (0.00/second)
GPU 0 [INT] PRIMARY_FLIP_A     : 0 (0.00/second)
GPU 0 [INT] PRIMARY_FLIP_B     : 0 (0.00/second)
GPU 0 [INT] PRIMARY_FLIP_C     : 0 (0.00/second)
GPU 0 [INT] SPRITE_FLIP_A      : 0 (0.00/second)
GPU 0 [INT] SPRITE_FLIP_B      : 0 (0.00/second)
GPU 0 [INT] SPRITE_FLIP_C      : 0 (0.00/second)
GPU 0 [INT] VIDEO_USER_1       : 0 (0.00/second)
GPU 0 [INT] VIDEO_USER_2       : 0 (0.00/second)
GPU 0 [INT] VEBOX_USER         : 0 (0.00/second)
GPU 0 [INT] RENDOR_USER        : 0 (0.00/second)
GPU 0 [INT] BLITTER_USER       : 0 (0.00/second)
GPU 0 [INT] GPU_PARSER         : 0 (0.00/second)
GPU 0 [INT] HOTPLUG_DP_A       : 0 (0.00/second)
GPU 0 [INT] HOTPLUG_DP_B       : 0 (0.00/second)
GPU 0 [INT] HOTPLUG_DP_C       : 0 (0.00/second)
GPU 0 [INT] HOTPLUG_DP_D       : 0 (0.00/second)
GPU 0 [INT] SHORTPULSE_DP_A    : 0 (0.00/second)
GPU 0 [INT] SHORTPULSE_DP_B    : 0 (0.00/second)
GPU 0 [INT] SHORTPULSE_DP_C    : 0 (0.00/second)
GPU 0 [INT] SHORTPULSE_DP_D    : 0 (0.00/second)
GPU 0 [INT] UP_THRESHOLD       : 0 (0.00/second)
GPU 0 [INT] DOWN_THRESHOLD     : 0 (0.00/second)
GPU 0 [INT] SRD_INTERRUPT      : 0 (0.00/second)
GPU 0 [INT] PSR_EXIT_TRIGGER   : 0 (0.00/second)
GPU 0 [INT] BCS_CONTEXT_SWITCH : 0 (0.00/second)
GPU 0 [INT] CS_CONTEXT_SWITCH  : 0 (0.00/second)
GPU 0 [INT] VCS1_CONTEXT_SWITCH: 0 (0.00/second)
GPU 0 [INT] VCS2_CONTEXT_SWITCH: 0 (0.00/second)
GPU 0 [INT] VECS_CONTEXT_SWITCH: 0 (0.00/second)
GPU 0 [INT] PIPEA_UNDERRUN     : 0 (0.00/second)
GPU 0 [INT] PIPEB_UNDERRUN     : 0 (0.00/second)
GPU 0 [INT] PIPEC_UNDERRUN     : 0 (0.00/second)
GPU 0 [INT] RCS_ERROR          : 0 (0.00/second)
GPU 0 [INT] BCS_ERROR          : 0 (0.00/second)
GPU 0 [INT] VCS1_ERROR         : 0 (0.00/second)
GPU 0 [INT] VCS2_ERROR         : 0 (0.00/second)
GPU 0 [INT] VECS_ERROR         : 0 (0.00/second)
GPU 0 [INT] RCS_FLUSH_NOTIFY   : 15 (14.65/second)
GPU 0 [INT] BCS_FLUSH_NOTIFY   : 0 (0.00/second)
GPU 0 [INT] VCS1_FLUSH_NOTIFY  : 3 (2.93/second)
GPU 0 [INT] VCS2_FLUSH_NOTIFY  : 0 (0.00/second)
GPU 0 [INT] VECS_FLUSH_NOTIFY  : 0 (0.00/second)
GPU 0 [INT] GUC_TO_HOST_INT    : 0 (0.00/second)
GPU 0 [INT] SW_INT_6           : 5 (4.88/second)
GPU 0 FB Test Case 0

**** AGPM Stats ****

Accelerator Type: IntelAccelerator
Plimit: 0.00 (GPU Frequency headroom limited on average by 0 MHz)



**** SMC sensors ****

CPU Thermal level: 0
IO Thermal level: 0
Fan: 1243.31 rpm
CPU die temperature: 63.68 C
CPU Plimit: 0.00
GPU Plimit (Int): 0.00 
Number of prochots: 0

**** NVMe Power-state Residency ****
          (null):        0.000 s (  0.0%)
          (null):        0.000 s (  0.0%)
          (null):        1.024 s (100.0%)

**** I/O Throttling ****
Tier0 Throttle Time:        0.000 s (  0.0%)
Tier1 Throttle Time:        0.000 s (  0.0%)
Tier2 Throttle Time:        0.000 s (  0.0%)
Tier3 Throttle Time:        0.000 s (  0.0%)


*** Sampled system activity (Mon Dec  2 14:23:05 2024 +0100) (1023.60ms elapsed) ***

*** Running tasks ***

Name                               ID     CPU ms/s  User%  Deadlines (<2 ms, 2-5 ms)  Wakeups (Intr, Pkg idle)
Code Helper (Renderer)             13133  854.92    96.57  3.91    0.98               11.72   1.95              
MSTeams                            16698  416.47    74.86  0.00    586.09             734.57  127.96            
jcmd                               90965  687.73    76.89  0.00    0.00               2.07    0.00              
WindowServer                       164    307.39    59.28  10.75   0.98               69.35   12.70             
beam.smp                           18879  168.53    93.43  2.93    0.00               4.88    0.98              
DEAD_TASKS                         -1     135.07    59.66  182.69  1.95               189.53  4.88              
WindowManager                      496    85.03     71.16  0.00    0.00               42.98   17.58             
kernel_task                        0      59.04     0.00   0.00    0.00               661.31  49.82             
Code Helper (GPU)                  13131  67.32     67.15  0.00    0.00               45.91   8.79              
Electron                           13111  57.81     85.24  14.65   0.00               20.51   0.00              
coreaudiod                         187    36.53     83.61  0.00    0.00               187.55  37.12             
launchd                            1      43.89     57.78  0.00    0.00               0.00    0.00              
Google Chrome Helper (Renderer)    33997  26.19     63.02  0.00    0.00               168.01  30.28             
replayd                            516    29.53     25.80  0.00    0.00               0.98    0.00              
Code Helper (Plugin)               13134  27.13     65.68  34.19   0.00               47.86   0.98              
Microsoft Teams WebView Helper (   16852  22.65     93.58  2.93    0.00               14.65   0.98              
powermetrics                       90729  21.61     17.67  0.00    0.00               0.98    0.00              
Microsoft Teams WebView Helper (   16840  12.58     70.31  0.00    0.00               44.93   0.98              
logd                               94     11.16     40.52  0.00    0.00               0.98    0.00              
cfprefsd                           388    6.42      66.63  0.00    0.00               0.00    0.00              
VTEncoderXPCService                21808  5.11      46.45  0.00    0.00               0.00    0.00              
Code Helper                        13135  4.43      78.79  5.86    0.00               7.81    0.98              
TouchBarServer                     358    4.52      41.97  0.00    0.00               0.00    0.00              
beam.smp                           66542  3.40      77.48  1.95    0.00               3.91    0.00              
Code Helper                        19359  2.99      37.57  11.72   0.00               17.58   0.98              
Google Chrome                      76998  3.11      79.75  0.00    0.00               2.93    0.00              
Code Helper                        13132  2.56      67.47  0.00    0.00               0.98    0.00              
mDNSResponder                      240    2.56      59.90  2.93    0.00               2.93    0.00              
distnoted                          338    2.10      94.82  0.00    0.00               0.00    0.00              
java                               18364  1.71      28.95  0.00    0.00               24.42   0.98              
cfprefsd                           165    1.81      66.35  0.00    0.00               0.00    0.00              
bluetoothd                         98415  1.83      67.32  0.00    0.00               0.98    0.00              
fseventsd                          99     1.39      32.91  0.00    0.00               5.86    0.00              
notifyd                            158    1.48      62.59  0.00    0.00               0.00    0.00              
Microsoft Teams WebView            16827  0.98      67.77  0.00    0.00               3.91    1.95              
distnoted                          148    1.32      61.47  0.00    0.00               0.00    0.00              
opendirectoryd                     133    1.22      42.02  0.00    0.00               0.00    0.00              
Google Chrome Helper (Renderer)    87750  1.17      80.64  0.00    0.00               1.95    0.00              
Google Chrome Helper (Renderer)    73899  0.95      88.63  0.00    0.00               2.93    0.98              
java                               13297  0.69      44.85  0.00    0.00               22.47   1.95              
airportd                           180    1.30      49.56  0.00    0.00               0.00    0.00              
runningboardd                      172    0.98      62.94  0.00    0.00               0.98    0.00              
mds                                122    0.99      47.41  0.00    0.00               3.91    0.00              
audioclocksyncd                    268    0.95      39.76  0.00    0.00               0.00    0.00              
postgres                           8412   0.87      3.45   0.00    0.00               0.00    0.00              
Google Chrome Helper (Renderer)    92244  0.84      77.58  0.00    0.00               0.00    0.00              
com.apple.AppleUserHIDDrivers      340    0.72      31.41  0.00    0.00               0.00    0.00              
mdmclient                          89960  0.72      34.47  0.00    0.00               0.98    0.00              
mds_stores                         326    0.68      40.52  0.00    0.00               0.00    0.00              
com.apple.cmio.registerassistant   162    0.49      66.00  0.00    0.00               0.00    0.00              
ViewBridgeAuxiliary                734    0.50      61.87  0.00    0.00               0.00    0.00              
Google Chrome Helper (Renderer)    21606  0.25      74.69  0.00    0.00               2.93    0.98              
UserEventAgent                     96     0.55      84.17  0.00    0.00               0.00    0.00              
syspolicyd                         250    0.41      48.78  0.00    0.00               0.00    0.00              
symptomsd                          226    0.49      66.00  0.00    0.00               0.00    0.00              
AMPLibraryAgent                    45807  0.22      57.43  0.00    0.00               0.98    0.98              
sharingd                           522    0.36      73.99  0.00    0.00               0.98    0.00              
powerd                             108    0.30      44.92  0.00    0.00               0.00    0.00              
ControlCenter                      433    0.29      72.13  0.00    0.00               0.00    0.00              
UVCAssistant                       256    0.09      50.26  0.00    0.00               0.98    0.98              
Google Chrome Helper               77020  0.23      48.66  0.00    0.00               0.98    0.00              
configd                            106    0.23      33.75  0.00    0.00               0.00    0.00              
postgres                           8411   0.23      31.66  0.00    0.00               0.98    0.00              
Google Chrome Helper (Renderer)    16739  0.22      84.71  0.00    0.00               2.93    0.00              
Code Helper                        13136  0.20      28.94  0.00    0.00               0.00    0.00              
Microsoft Teams WebView Helper     16847  0.18      52.07  0.00    0.00               0.98    0.00              
Microsoft Teams WebView Helper (   16848  0.18      59.83  0.00    0.00               0.00    0.00              
Google Chrome Helper               77017  0.16      66.91  0.00    0.00               1.95    0.00              
distnoted                          223    0.16      37.10  0.00    0.00               0.00    0.00              
distnoted                          8014   0.16      34.00  0.00    0.00               0.00    0.00              
corebrightnessd                    160    0.16      67.67  0.00    0.00               0.00    0.00              
nearbyd                            517    0.15      40.37  0.00    0.00               0.98    0.00              
distnoted                          202    0.15      38.25  0.00    0.00               0.00    0.00              
distnoted                          2219   0.13      43.70  0.00    0.00               0.00    0.00              
distnoted                          188    0.12      45.84  0.00    0.00               0.00    0.00              
distnoted                          336    0.12      39.81  0.00    0.00               0.00    0.00              
com.apple.hiservices-xpcservice    511    0.14      59.83  0.00    0.00               0.00    0.00              
distnoted                          212    0.12      44.91  0.00    0.00               0.00    0.00              
distnoted                          460    0.12      36.68  0.00    0.00               0.00    0.00              
distnoted                          280    0.11      37.86  0.00    0.00               0.00    0.00              
distnoted                          269    0.11      39.82  0.00    0.00               0.00    0.00              
distnoted                          469    0.11      45.65  0.00    0.00               0.00    0.00              
analyticsd                         170    0.11      19.32  0.00    0.00               0.98    0.00              
dasd                               146    0.13      15.96  0.00    0.00               0.98    0.00              
distnoted                          430    0.10      44.09  0.00    0.00               0.00    0.00              
distnoted                          448    0.10      41.16  0.00    0.00               0.00    0.00              
distnoted                          508    0.09      41.96  0.00    0.00               0.00    0.00              
distnoted                          2354   0.09      43.63  0.00    0.00               0.00    0.00              
distnoted                          350    0.09      43.34  0.00    0.00               0.00    0.00              
Finder                             7780   0.07      20.31  0.00    0.00               0.98    0.00              
remoted                            113    0.06      41.69  0.00    0.00               0.98    0.00              
pboard                             414    0.06      30.73  0.00    0.00               0.98    0.00              
locationd                          141    0.07      31.45  0.00    0.00               0.98    0.00              
nsurlsessiond                      189    0.07      47.84  0.00    0.00               0.98    0.00              
wifip2pd                           287    0.07      35.67  0.00    0.00               0.00    0.00              
StocksKitService                   8008   0.06      40.25  0.00    0.00               0.98    0.00              
amsaccountsd                       488    0.06      28.50  0.00    0.00               0.98    0.00              
Spotlight                          7785   0.05      39.01  0.00    0.00               0.98    0.00              
commerce                           7791   0.06      39.63  0.00    0.00               0.98    0.00              
bosUpdateProxy                     98419  0.06      49.83  0.00    0.00               0.98    0.00              
amsengagementd                     735    0.05      24.16  0.00    0.00               0.98    0.00              
com.apple.geod                     222    0.05      42.17  0.00    0.00               0.98    0.00              
softwareupdated                    245    0.05      42.09  0.00    0.00               0.98    0.00              
transparencyd                      498    0.04      28.62  0.00    0.00               0.98    0.00              
biometrickitd                      308    0.03      48.48  0.00    0.00               0.98    0.00              
AssetCacheLocatorService           514    0.04      37.58  0.00    0.00               0.98    0.00              
com.apple.geod                     1045   0.04      22.08  0.00    0.00               0.98    0.00              
fmfd                               486    0.04      40.44  0.00    0.00               0.98    0.00              
parsecd                            478    0.04      42.27  0.00    0.00               0.98    0.00              
syslogd                            129    0.03      18.25  0.00    0.00               0.98    0.00              
mDNSResponderHelper                253    0.03      48.11  0.00    0.00               0.98    0.00              
ALL_TASKS                          -2     2777.35   77.03  274.52  590.07             2389.60 305.78            


**** Battery and backlight usage ****

Battery: percent_charge: 1072
Backlight level: 449 (range 0-1024)
Keyboard Backlight level: 37 (off 0 on range 32-512)


**** Network activity ****

out: 51.78 packets/s, 37280.11 bytes/s
in:  62.52 packets/s, 9924.75 bytes/s


**** Disk activity ****

read: 0.98 ops/s 4.00 KBytes/s
write: 159.24 ops/s 916.36 KBytes/s

****  Interrupt distribution ****

CPU 0:
	Vector 0x46(SMC): 7.82 interrupts/sec
	Vector 0x54(URT0): 3.91 interrupts/sec
	Vector 0x79(ANS2): 93.79 interrupts/sec
	Vector 0x7c(ARPT): 96.72 interrupts/sec
	Vector 0x7e(IGPU): 264.75 interrupts/sec
	Vector 0x94(IOBC): 33.22 interrupts/sec
	Vector 0xdd(TMR): 730.75 interrupts/sec
	Vector 0xde(IPI): 1218.25 interrupts/sec
CPU 1:
	Vector 0xdd(TMR): 30.29 interrupts/sec
	Vector 0xde(IPI): 562.72 interrupts/sec
CPU 2:
	Vector 0xdd(TMR): 544.16 interrupts/sec
	Vector 0xde(IPI): 1490.81 interrupts/sec
CPU 3:
	Vector 0xdd(TMR): 24.42 interrupts/sec
	Vector 0xde(IPI): 557.83 interrupts/sec
CPU 4:
	Vector 0xdd(TMR): 442.55 interrupts/sec
	Vector 0xde(IPI): 1404.84 interrupts/sec
	Vector 0xdf(PMI): 0.98 interrupts/sec
CPU 5:
	Vector 0xdd(TMR): 19.54 interrupts/sec
	Vector 0xde(IPI): 543.18 interrupts/sec
CPU 6:
	Vector 0xdd(TMR): 369.28 interrupts/sec
	Vector 0xde(IPI): 1377.49 interrupts/sec
CPU 7:
	Vector 0xdd(TMR): 24.42 interrupts/sec
	Vector 0xde(IPI): 480.66 interrupts/sec



**** Processor usage ****

Intel energy model derived package power (CPUs+GT+SA): 9.53W

LLC flushed residency: 4.65%

System Average frequency as fraction of nominal: 103.22% (2477.21 Mhz)
Package 0 C-state residency: 7.19% (C2: 7.19% C3: 0.00% C6: 0.00% C7: 0.00% C8: 0.00% C9: 0.00% C10: 0.00% )
CPU/GPU Overlap: 22.83%
Cores Active: 85.38%
GPU Active: 23.36%
Avg Num of Cores Active: 2.54

Core 0 C-state residency: 25.43% (C3: 1.72% C6: 0.00% C7: 23.71% )

CPU 0 duty cycles/s: active/idle [< 16 us: 482.61/197.34] [< 32 us: 94.76/62.52] [< 64 us: 143.61/244.24] [< 128 us: 108.44/229.58] [< 256 us: 98.67/151.43] [< 512 us: 79.13/88.90] [< 1024 us: 65.46/84.02] [< 2048 us: 46.89/59.59] [< 4096 us: 12.70/26.38] [< 8192 us: 7.82/2.93] [< 16384 us: 2.93/0.00] [< 32768 us: 1.95/0.00] 
CPU Average frequency as fraction of nominal: 101.47% (2435.31 Mhz)

CPU 1 duty cycles/s: active/idle [< 16 us: 2187.37/570.53] [< 32 us: 116.26/233.49] [< 64 us: 130.91/429.85] [< 128 us: 81.09/434.74] [< 256 us: 48.85/346.81] [< 512 us: 33.22/225.67] [< 1024 us: 23.45/161.20] [< 2048 us: 13.68/138.73] [< 4096 us: 2.93/72.29] [< 8192 us: 1.95/19.54] [< 16384 us: 0.00/5.86] [< 32768 us: 0.00/0.98] 
CPU Average frequency as fraction of nominal: 105.20% (2524.80 Mhz)

Core 1 C-state residency: 25.12% (C3: 4.16% C6: 0.00% C7: 20.97% )

CPU 2 duty cycles/s: active/idle [< 16 us: 597.89/216.88] [< 32 us: 92.81/84.99] [< 64 us: 138.73/312.62] [< 128 us: 136.77/231.54] [< 256 us: 172.92/219.81] [< 512 us: 125.05/126.03] [< 1024 us: 74.25/111.37] [< 2048 us: 34.19/70.34] [< 4096 us: 14.65/20.52] [< 8192 us: 3.91/0.98] [< 16384 us: 0.98/0.00] [< 32768 us: 1.95/0.00] 
CPU Average frequency as fraction of nominal: 101.87% (2444.82 Mhz)

CPU 3 duty cycles/s: active/idle [< 16 us: 2789.17/790.35] [< 32 us: 118.21/301.88] [< 64 us: 94.76/493.36] [< 128 us: 87.92/455.25] [< 256 us: 53.73/356.58] [< 512 us: 35.17/293.08] [< 1024 us: 23.45/264.75] [< 2048 us: 9.77/182.69] [< 4096 us: 1.95/72.29] [< 8192 us: 0.00/4.88] [< 16384 us: 0.00/0.00] [< 32768 us: 0.00/0.00] 
CPU Average frequency as fraction of nominal: 105.93% (2542.29 Mhz)

Core 2 C-state residency: 30.69% (C3: 2.88% C6: 0.00% C7: 27.81% )

CPU 4 duty cycles/s: active/idle [< 16 us: 571.51/182.69] [< 32 us: 82.06/65.46] [< 64 us: 114.30/206.13] [< 128 us: 102.58/193.43] [< 256 us: 106.49/190.50] [< 512 us: 91.83/125.05] [< 1024 us: 56.66/101.60] [< 2048 us: 30.29/70.34] [< 4096 us: 12.70/38.10] [< 8192 us: 1.95/1.95] [< 16384 us: 1.95/0.00] [< 32768 us: 0.00/0.00] 
CPU Average frequency as fraction of nominal: 103.27% (2478.54 Mhz)

CPU 5 duty cycles/s: active/idle [< 16 us: 2346.61/626.22] [< 32 us: 124.07/260.84] [< 64 us: 93.79/371.24] [< 128 us: 71.32/383.94] [< 256 us: 56.66/384.92] [< 512 us: 32.24/283.31] [< 1024 us: 28.33/212.97] [< 2048 us: 10.75/157.29] [< 4096 us: 4.88/79.13] [< 8192 us: 1.95/10.75] [< 16384 us: 0.00/0.00] [< 32768 us: 0.00/0.00] 
CPU Average frequency as fraction of nominal: 106.25% (2550.06 Mhz)

Core 3 C-state residency: 40.05% (C3: 0.76% C6: 0.00% C7: 39.29% )

CPU 6 duty cycles/s: active/idle [< 16 us: 491.40/161.20] [< 32 us: 74.25/33.22] [< 64 us: 106.49/216.88] [< 128 us: 83.04/123.09] [< 256 us: 80.11/115.28] [< 512 us: 51.78/104.53] [< 1024 us: 43.96/84.02] [< 2048 us: 20.52/78.16] [< 4096 us: 9.77/45.92] [< 8192 us: 4.88/8.79] [< 16384 us: 0.98/0.00] [< 32768 us: 0.00/0.00] 
CPU Average frequency as fraction of nominal: 104.98% (2519.52 Mhz)

CPU 7 duty cycles/s: active/idle [< 16 us: 1033.60/334.11] [< 32 us: 102.58/117.23] [< 64 us: 109.42/169.01] [< 128 us: 77.18/175.85] [< 256 us: 53.73/152.40] [< 512 us: 39.08/176.83] [< 1024 us: 18.56/121.14] [< 2048 us: 8.79/90.86] [< 4096 us: 6.84/57.64] [< 8192 us: 0.98/37.12] [< 16384 us: 0.00/18.56] [< 32768 us: 0.00/0.00] 
CPU Average frequency as fraction of nominal: 106.36% (2552.66 Mhz)


**** Thermal pressure ****

Current pressure level: Nominal


**** Selective Forced Idle ****

Selective Forced Idle window:     50000us

**** GPU usage ****

GPU 0 name IntelIG
GPU 0 C-state residency: 80.49% (4.06%, 76.44%)
GPU 0 P-state residency: 1150MHz: 0.00%, 1100MHz: 0.00%, 1050MHz: 0.00%, 1000MHz: 0.00%, 950MHz: 0.00%, 900MHz: 0.00%, 850MHz: 0.00%, 800MHz: 0.00%, 750MHz: 0.00%, 700MHz: 0.00%, 650MHz: 0.00%, 600MHz: 3.94%, 550MHz: 7.31%, 500MHz: 8.26%, 450MHz: 0.00%, 400MHz: 0.00%, 350MHz: 0.00%, 300MHz: 0.00%
GPU 0 average active frequency as fraction of nominal (300.00Mhz): 179.65% (538.95Mhz)
GPU 0 HW average active frequency   : 0.00%
GPU 0 GPU Busy                      : 19.51%
GPU 0 DC6 Residency                 : 0.00%
GPU 0 [PSR] GPU + TCON are Off      : 0.00%
GPU 0 [PSR] Only GPU is On          : 0.00%
GPU 0 [PSR] Only TCON is On         : 76.65%
GPU 0 [PSR] GPU + TCON are On       : 23.35%
GPU 0 [PSR] StateMachine Bypass     : 0.00%
GPU 0 [PSR] StateMachine FIFO       : 28.41%
GPU 0 [PSR] StateMachine Others     : 71.59%
GPU 0 DPB Strong On                 : 0.00%
GPU 0 DPB Weak On                   : 0.00%
GPU 0 1Slice      on            : 100.00%
GPU 0 2Slices     on            : 0.00%
GPU 0 PPFM on                       : 0.00%
GPU 0 Throttle High Priority(%): 0
GPU 0 Throttle NormalHi Priority(%): 0
GPU 0 Throttle Normal Priority(%): 0
GPU 0 Throttle Low Priority(%): 0
GPU 0 Slice switch                  : 0 (0.00/second)
GPU 0 DC6 Exit Reason - Flip: 0 (0.00/second)
GPU 0 DC6 Exit Reason - Register: 1 (0.98/second)
GPU 0 DC6 Exit Reason - Gamma: 0 (0.00/second)
GPU 0 DC6 Exit Reason - Interrupt: 2 (1.95/second)
GPU 0 DC6 Exit Reason - Cursor: 0 (0.00/second)
GPU 0 DC6 Exit Reason - Render: 0 (0.00/second)
GPU 0 [INT] VBLANK_A           : 6 (5.85/second)
GPU 0 [INT] VBLANK_B           : 0 (0.00/second)
GPU 0 [INT] VBLANK_C           : 0 (0.00/second)
GPU 0 [INT] PRIMARY_FLIP_A     : 6 (5.85/second)
GPU 0 [INT] PRIMARY_FLIP_B     : 0 (0.00/second)
GPU 0 [INT] PRIMARY_FLIP_C     : 0 (0.00/second)
GPU 0 [INT] SPRITE_FLIP_A      : 0 (0.00/second)
GPU 0 [INT] SPRITE_FLIP_B      : 0 (0.00/second)
GPU 0 [INT] SPRITE_FLIP_C      : 0 (0.00/second)
GPU 0 [INT] VIDEO_USER_1       : 0 (0.00/second)
GPU 0 [INT] VIDEO_USER_2       : 0 (0.00/second)
GPU 0 [INT] VEBOX_USER         : 0 (0.00/second)
GPU 0 [INT] RENDOR_USER        : 0 (0.00/second)
GPU 0 [INT] BLITTER_USER       : 0 (0.00/second)
GPU 0 [INT] GPU_PARSER         : 0 (0.00/second)
GPU 0 [INT] HOTPLUG_DP_A       : 0 (0.00/second)
GPU 0 [INT] HOTPLUG_DP_B       : 0 (0.00/second)
GPU 0 [INT] HOTPLUG_DP_C       : 0 (0.00/second)
GPU 0 [INT] HOTPLUG_DP_D       : 0 (0.00/second)
GPU 0 [INT] SHORTPULSE_DP_A    : 0 (0.00/second)
GPU 0 [INT] SHORTPULSE_DP_B    : 0 (0.00/second)
GPU 0 [INT] SHORTPULSE_DP_C    : 0 (0.00/second)
GPU 0 [INT] SHORTPULSE_DP_D    : 0 (0.00/second)
GPU 0 [INT] UP_THRESHOLD       : 0 (0.00/second)
GPU 0 [INT] DOWN_THRESHOLD     : 0 (0.00/second)
GPU 0 [INT] SRD_INTERRUPT      : 2 (1.95/second)
GPU 0 [INT] PSR_EXIT_TRIGGER   : 0 (0.00/second)
GPU 0 [INT] BCS_CONTEXT_SWITCH : 0 (0.00/second)
GPU 0 [INT] CS_CONTEXT_SWITCH  : 0 (0.00/second)
GPU 0 [INT] VCS1_CONTEXT_SWITCH: 0 (0.00/second)
GPU 0 [INT] VCS2_CONTEXT_SWITCH: 0 (0.00/second)
GPU 0 [INT] VECS_CONTEXT_SWITCH: 0 (0.00/second)
GPU 0 [INT] PIPEA_UNDERRUN     : 0 (0.00/second)
GPU 0 [INT] PIPEB_UNDERRUN     : 0 (0.00/second)
GPU 0 [INT] PIPEC_UNDERRUN     : 0 (0.00/second)
GPU 0 [INT] RCS_ERROR          : 0 (0.00/second)
GPU 0 [INT] BCS_ERROR          : 0 (0.00/second)
GPU 0 [INT] VCS1_ERROR         : 0 (0.00/second)
GPU 0 [INT] VCS2_ERROR         : 0 (0.00/second)
GPU 0 [INT] VECS_ERROR         : 0 (0.00/second)
GPU 0 [INT] RCS_FLUSH_NOTIFY   : 190 (185.33/second)
GPU 0 [INT] BCS_FLUSH_NOTIFY   : 62 (60.48/second)
GPU 0 [INT] VCS1_FLUSH_NOTIFY  : 4 (3.90/second)
GPU 0 [INT] VCS2_FLUSH_NOTIFY  : 0 (0.00/second)
GPU 0 [INT] VECS_FLUSH_NOTIFY  : 0 (0.00/second)
GPU 0 [INT] GUC_TO_HOST_INT    : 0 (0.00/second)
GPU 0 [INT] SW_INT_6           : 10 (9.75/second)
GPU 0 FB Test Case 0

**** AGPM Stats ****

Accelerator Type: IntelAccelerator
Plimit: 0.00 (GPU Frequency headroom limited on average by 0 MHz)



**** SMC sensors ****

CPU Thermal level: 0
IO Thermal level: 0
Fan: 1249.56 rpm
CPU die temperature: 63.62 C
CPU Plimit: 0.00
GPU Plimit (Int): 0.00 
Number of prochots: 0

**** NVMe Power-state Residency ****
          (null):        0.000 s (  0.0%)
          (null):        0.000 s (  0.0%)
          (null):        1.026 s (100.0%)

**** I/O Throttling ****
Tier0 Throttle Time:        0.000 s (  0.0%)
Tier1 Throttle Time:        0.000 s (  0.0%)
Tier2 Throttle Time:        0.000 s (  0.0%)
Tier3 Throttle Time:        0.000 s (  0.0%)
